
*** Running vivado
    with args -log Block_Design_wrapper.vds -m64 -product Vivado -mode batch -messageDb vivado.pb -notrace -source Block_Design_wrapper.tcl


ECHO is off.
ECHO is off.

****** Vivado v2023.1.1 (64-bit)
  **** SW Build 3900603 on Fri Jun 16 19:31:24 MDT 2023
  **** IP Build 3900379 on Sat Jun 17 05:28:05 MDT 2023
  **** SharedData Build 3899622 on Fri Jun 16 03:34:24 MDT 2023
    ** Copyright 1986-2022 Xilinx, Inc. All Rights Reserved.
    ** Copyright 2022-2023 Advanced Micro Devices, Inc. All Rights Reserved.

source Block_Design_wrapper.tcl -notrace
INFO: [IP_Flow 19-234] Refreshing IP repositories
INFO: [IP_Flow 19-1700] Loaded user IP repository 'd:/Proiect_3/ip_repo'.
INFO: [IP_Flow 19-2313] Loaded Vivado IP repository 'D:/Vivado/2023.1/data/ip'.
Command: read_checkpoint -auto_incremental -incremental D:/Proiect_3/Block_Design/Block_Design.srcs/utils_1/imports/synth_1/Block_Design_wrapper.dcp
INFO: [Vivado 12-5825] Read reference checkpoint from D:/Proiect_3/Block_Design/Block_Design.srcs/utils_1/imports/synth_1/Block_Design_wrapper.dcp for incremental synthesis
INFO: [Vivado 12-7989] Please ensure there are no constraint changes
Command: synth_design -top Block_Design_wrapper -part xc7z020clg400-1
Starting synth_design
Attempting to get a license for feature 'Synthesis' and/or device 'xc7z020'
INFO: [Common 17-349] Got license for feature 'Synthesis' and/or device 'xc7z020'
INFO: [Device 21-403] Loading part xc7z020clg400-1
INFO: [Designutils 20-5440] No compile time benefit to using incremental synthesis; A full resynthesis will be run
INFO: [Designutils 20-4379] Flow is switching to default flow due to incremental criteria not met. If you would like to alter this behaviour and have the flow terminate instead, please set the following parameter config_implementation {autoIncr.Synth.RejectBehavior Terminate}
INFO: [Synth 8-7079] Multithreading enabled for synth_design using a maximum of 2 processes.
INFO: [Synth 8-7078] Launching helper process for spawning children vivado processes
INFO: [Synth 8-7075] Helper process launched with PID 16648
---------------------------------------------------------------------------------
Starting RTL Elaboration : Time (s): cpu = 00:00:04 ; elapsed = 00:00:04 . Memory (MB): peak = 1330.156 ; gain = 409.875
---------------------------------------------------------------------------------
INFO: [Synth 8-6157] synthesizing module 'Block_Design_wrapper' [d:/Proiect_3/Block_Design/Block_Design.gen/sources_1/bd/Block_Design/hdl/Block_Design_wrapper.v:13]
INFO: [Synth 8-6157] synthesizing module 'Block_Design' [d:/Proiect_3/Block_Design/Block_Design.gen/sources_1/bd/Block_Design/synth/Block_Design.v:13]
INFO: [Synth 8-6157] synthesizing module 'Block_Design_FFT_8_Points_IP_0_0' [D:/Proiect_3/Block_Design/Block_Design.runs/synth_1/.Xil/Vivado-11960-DESKTOP-7P0D6RH/realtime/Block_Design_FFT_8_Points_IP_0_0_stub.v:6]
INFO: [Synth 8-6155] done synthesizing module 'Block_Design_FFT_8_Points_IP_0_0' (0#1) [D:/Proiect_3/Block_Design/Block_Design.runs/synth_1/.Xil/Vivado-11960-DESKTOP-7P0D6RH/realtime/Block_Design_FFT_8_Points_IP_0_0_stub.v:6]
INFO: [Synth 8-6157] synthesizing module 'Block_Design_axi_uartlite_0_0' [D:/Proiect_3/Block_Design/Block_Design.runs/synth_1/.Xil/Vivado-11960-DESKTOP-7P0D6RH/realtime/Block_Design_axi_uartlite_0_0_stub.v:6]
INFO: [Synth 8-6155] done synthesizing module 'Block_Design_axi_uartlite_0_0' (0#1) [D:/Proiect_3/Block_Design/Block_Design.runs/synth_1/.Xil/Vivado-11960-DESKTOP-7P0D6RH/realtime/Block_Design_axi_uartlite_0_0_stub.v:6]
WARNING: [Synth 8-7071] port 'interrupt' of module 'Block_Design_axi_uartlite_0_0' is unconnected for instance 'axi_uartlite_0' [d:/Proiect_3/Block_Design/Block_Design.gen/sources_1/bd/Block_Design/synth/Block_Design.v:144]
WARNING: [Synth 8-7023] instance 'axi_uartlite_0' of module 'Block_Design_axi_uartlite_0_0' has 22 connections declared, but only 21 given [d:/Proiect_3/Block_Design/Block_Design.gen/sources_1/bd/Block_Design/synth/Block_Design.v:144]
INFO: [Synth 8-6157] synthesizing module 'Block_Design_clk_wiz_0_0' [D:/Proiect_3/Block_Design/Block_Design.runs/synth_1/.Xil/Vivado-11960-DESKTOP-7P0D6RH/realtime/Block_Design_clk_wiz_0_0_stub.v:6]
INFO: [Synth 8-6155] done synthesizing module 'Block_Design_clk_wiz_0_0' (0#1) [D:/Proiect_3/Block_Design/Block_Design.runs/synth_1/.Xil/Vivado-11960-DESKTOP-7P0D6RH/realtime/Block_Design_clk_wiz_0_0_stub.v:6]
INFO: [Synth 8-6157] synthesizing module 'Block_Design_mdm_1_0' [D:/Proiect_3/Block_Design/Block_Design.runs/synth_1/.Xil/Vivado-11960-DESKTOP-7P0D6RH/realtime/Block_Design_mdm_1_0_stub.v:6]
INFO: [Synth 8-6155] done synthesizing module 'Block_Design_mdm_1_0' (0#1) [D:/Proiect_3/Block_Design/Block_Design.runs/synth_1/.Xil/Vivado-11960-DESKTOP-7P0D6RH/realtime/Block_Design_mdm_1_0_stub.v:6]
INFO: [Synth 8-6157] synthesizing module 'Block_Design_microblaze_0_0' [D:/Proiect_3/Block_Design/Block_Design.runs/synth_1/.Xil/Vivado-11960-DESKTOP-7P0D6RH/realtime/Block_Design_microblaze_0_0_stub.v:6]
INFO: [Synth 8-6155] done synthesizing module 'Block_Design_microblaze_0_0' (0#1) [D:/Proiect_3/Block_Design/Block_Design.runs/synth_1/.Xil/Vivado-11960-DESKTOP-7P0D6RH/realtime/Block_Design_microblaze_0_0_stub.v:6]
WARNING: [Synth 8-7071] port 'Interrupt_Ack' of module 'Block_Design_microblaze_0_0' is unconnected for instance 'microblaze_0' [d:/Proiect_3/Block_Design/Block_Design.gen/sources_1/bd/Block_Design/synth/Block_Design.v:184]
WARNING: [Synth 8-7023] instance 'microblaze_0' of module 'Block_Design_microblaze_0_0' has 52 connections declared, but only 51 given [d:/Proiect_3/Block_Design/Block_Design.gen/sources_1/bd/Block_Design/synth/Block_Design.v:184]
INFO: [Synth 8-6157] synthesizing module 'Block_Design_microblaze_0_axi_periph_0' [d:/Proiect_3/Block_Design/Block_Design.gen/sources_1/bd/Block_Design/synth/Block_Design.v:333]
INFO: [Synth 8-6157] synthesizing module 'm00_couplers_imp_H1K87E' [d:/Proiect_3/Block_Design/Block_Design.gen/sources_1/bd/Block_Design/synth/Block_Design.v:801]
INFO: [Synth 8-6155] done synthesizing module 'm00_couplers_imp_H1K87E' (0#1) [d:/Proiect_3/Block_Design/Block_Design.gen/sources_1/bd/Block_Design/synth/Block_Design.v:801]
INFO: [Synth 8-6157] synthesizing module 'm01_couplers_imp_BQ78ZU' [d:/Proiect_3/Block_Design/Block_Design.gen/sources_1/bd/Block_Design/synth/Block_Design.v:933]
INFO: [Synth 8-6155] done synthesizing module 'm01_couplers_imp_BQ78ZU' (0#1) [d:/Proiect_3/Block_Design/Block_Design.gen/sources_1/bd/Block_Design/synth/Block_Design.v:933]
INFO: [Synth 8-6157] synthesizing module 's00_couplers_imp_8XTMXL' [d:/Proiect_3/Block_Design/Block_Design.gen/sources_1/bd/Block_Design/synth/Block_Design.v:1313]
INFO: [Synth 8-6155] done synthesizing module 's00_couplers_imp_8XTMXL' (0#1) [d:/Proiect_3/Block_Design/Block_Design.gen/sources_1/bd/Block_Design/synth/Block_Design.v:1313]
INFO: [Synth 8-6157] synthesizing module 'Block_Design_xbar_1' [D:/Proiect_3/Block_Design/Block_Design.runs/synth_1/.Xil/Vivado-11960-DESKTOP-7P0D6RH/realtime/Block_Design_xbar_1_stub.v:6]
INFO: [Synth 8-6155] done synthesizing module 'Block_Design_xbar_1' (0#1) [D:/Proiect_3/Block_Design/Block_Design.runs/synth_1/.Xil/Vivado-11960-DESKTOP-7P0D6RH/realtime/Block_Design_xbar_1_stub.v:6]
INFO: [Synth 8-6155] done synthesizing module 'Block_Design_microblaze_0_axi_periph_0' (0#1) [d:/Proiect_3/Block_Design/Block_Design.gen/sources_1/bd/Block_Design/synth/Block_Design.v:333]
INFO: [Synth 8-6157] synthesizing module 'microblaze_0_local_memory_imp_1KP6291' [d:/Proiect_3/Block_Design/Block_Design.gen/sources_1/bd/Block_Design/synth/Block_Design.v:1079]
INFO: [Synth 8-6157] synthesizing module 'Block_Design_dlmb_bram_if_cntlr_0' [D:/Proiect_3/Block_Design/Block_Design.runs/synth_1/.Xil/Vivado-11960-DESKTOP-7P0D6RH/realtime/Block_Design_dlmb_bram_if_cntlr_0_stub.v:6]
INFO: [Synth 8-6155] done synthesizing module 'Block_Design_dlmb_bram_if_cntlr_0' (0#1) [D:/Proiect_3/Block_Design/Block_Design.runs/synth_1/.Xil/Vivado-11960-DESKTOP-7P0D6RH/realtime/Block_Design_dlmb_bram_if_cntlr_0_stub.v:6]
INFO: [Synth 8-6157] synthesizing module 'Block_Design_dlmb_v10_0' [D:/Proiect_3/Block_Design/Block_Design.runs/synth_1/.Xil/Vivado-11960-DESKTOP-7P0D6RH/realtime/Block_Design_dlmb_v10_0_stub.v:6]
INFO: [Synth 8-6155] done synthesizing module 'Block_Design_dlmb_v10_0' (0#1) [D:/Proiect_3/Block_Design/Block_Design.runs/synth_1/.Xil/Vivado-11960-DESKTOP-7P0D6RH/realtime/Block_Design_dlmb_v10_0_stub.v:6]
WARNING: [Synth 8-7071] port 'LMB_Rst' of module 'Block_Design_dlmb_v10_0' is unconnected for instance 'dlmb_v10' [d:/Proiect_3/Block_Design/Block_Design.gen/sources_1/bd/Block_Design/synth/Block_Design.v:1225]
WARNING: [Synth 8-7023] instance 'dlmb_v10' of module 'Block_Design_dlmb_v10_0' has 25 connections declared, but only 24 given [d:/Proiect_3/Block_Design/Block_Design.gen/sources_1/bd/Block_Design/synth/Block_Design.v:1225]
INFO: [Synth 8-6157] synthesizing module 'Block_Design_ilmb_bram_if_cntlr_0' [D:/Proiect_3/Block_Design/Block_Design.runs/synth_1/.Xil/Vivado-11960-DESKTOP-7P0D6RH/realtime/Block_Design_ilmb_bram_if_cntlr_0_stub.v:6]
INFO: [Synth 8-6155] done synthesizing module 'Block_Design_ilmb_bram_if_cntlr_0' (0#1) [D:/Proiect_3/Block_Design/Block_Design.runs/synth_1/.Xil/Vivado-11960-DESKTOP-7P0D6RH/realtime/Block_Design_ilmb_bram_if_cntlr_0_stub.v:6]
INFO: [Synth 8-6157] synthesizing module 'Block_Design_ilmb_v10_0' [D:/Proiect_3/Block_Design/Block_Design.runs/synth_1/.Xil/Vivado-11960-DESKTOP-7P0D6RH/realtime/Block_Design_ilmb_v10_0_stub.v:6]
INFO: [Synth 8-6155] done synthesizing module 'Block_Design_ilmb_v10_0' (0#1) [D:/Proiect_3/Block_Design/Block_Design.runs/synth_1/.Xil/Vivado-11960-DESKTOP-7P0D6RH/realtime/Block_Design_ilmb_v10_0_stub.v:6]
WARNING: [Synth 8-7071] port 'LMB_Rst' of module 'Block_Design_ilmb_v10_0' is unconnected for instance 'ilmb_v10' [d:/Proiect_3/Block_Design/Block_Design.gen/sources_1/bd/Block_Design/synth/Block_Design.v:1271]
WARNING: [Synth 8-7023] instance 'ilmb_v10' of module 'Block_Design_ilmb_v10_0' has 25 connections declared, but only 24 given [d:/Proiect_3/Block_Design/Block_Design.gen/sources_1/bd/Block_Design/synth/Block_Design.v:1271]
INFO: [Synth 8-6157] synthesizing module 'Block_Design_lmb_bram_0' [D:/Proiect_3/Block_Design/Block_Design.runs/synth_1/.Xil/Vivado-11960-DESKTOP-7P0D6RH/realtime/Block_Design_lmb_bram_0_stub.v:6]
INFO: [Synth 8-6155] done synthesizing module 'Block_Design_lmb_bram_0' (0#1) [D:/Proiect_3/Block_Design/Block_Design.runs/synth_1/.Xil/Vivado-11960-DESKTOP-7P0D6RH/realtime/Block_Design_lmb_bram_0_stub.v:6]
WARNING: [Synth 8-7071] port 'rsta_busy' of module 'Block_Design_lmb_bram_0' is unconnected for instance 'lmb_bram' [d:/Proiect_3/Block_Design/Block_Design.gen/sources_1/bd/Block_Design/synth/Block_Design.v:1296]
WARNING: [Synth 8-7071] port 'rstb_busy' of module 'Block_Design_lmb_bram_0' is unconnected for instance 'lmb_bram' [d:/Proiect_3/Block_Design/Block_Design.gen/sources_1/bd/Block_Design/synth/Block_Design.v:1296]
WARNING: [Synth 8-7023] instance 'lmb_bram' of module 'Block_Design_lmb_bram_0' has 16 connections declared, but only 14 given [d:/Proiect_3/Block_Design/Block_Design.gen/sources_1/bd/Block_Design/synth/Block_Design.v:1296]
INFO: [Synth 8-6155] done synthesizing module 'microblaze_0_local_memory_imp_1KP6291' (0#1) [d:/Proiect_3/Block_Design/Block_Design.gen/sources_1/bd/Block_Design/synth/Block_Design.v:1079]
INFO: [Synth 8-6157] synthesizing module 'Block_Design_rst_clk_wiz_0_100M_0' [D:/Proiect_3/Block_Design/Block_Design.runs/synth_1/.Xil/Vivado-11960-DESKTOP-7P0D6RH/realtime/Block_Design_rst_clk_wiz_0_100M_0_stub.v:6]
INFO: [Synth 8-6155] done synthesizing module 'Block_Design_rst_clk_wiz_0_100M_0' (0#1) [D:/Proiect_3/Block_Design/Block_Design.runs/synth_1/.Xil/Vivado-11960-DESKTOP-7P0D6RH/realtime/Block_Design_rst_clk_wiz_0_100M_0_stub.v:6]
WARNING: [Synth 8-7071] port 'peripheral_reset' of module 'Block_Design_rst_clk_wiz_0_100M_0' is unconnected for instance 'rst_clk_wiz_0_100M' [d:/Proiect_3/Block_Design/Block_Design.gen/sources_1/bd/Block_Design/synth/Block_Design.v:322]
WARNING: [Synth 8-7071] port 'interconnect_aresetn' of module 'Block_Design_rst_clk_wiz_0_100M_0' is unconnected for instance 'rst_clk_wiz_0_100M' [d:/Proiect_3/Block_Design/Block_Design.gen/sources_1/bd/Block_Design/synth/Block_Design.v:322]
WARNING: [Synth 8-7023] instance 'rst_clk_wiz_0_100M' of module 'Block_Design_rst_clk_wiz_0_100M_0' has 10 connections declared, but only 8 given [d:/Proiect_3/Block_Design/Block_Design.gen/sources_1/bd/Block_Design/synth/Block_Design.v:322]
INFO: [Synth 8-6155] done synthesizing module 'Block_Design' (0#1) [d:/Proiect_3/Block_Design/Block_Design.gen/sources_1/bd/Block_Design/synth/Block_Design.v:13]
INFO: [Synth 8-6155] done synthesizing module 'Block_Design_wrapper' (0#1) [d:/Proiect_3/Block_Design/Block_Design.gen/sources_1/bd/Block_Design/hdl/Block_Design_wrapper.v:13]
WARNING: [Synth 8-7129] Port M_ACLK in module s00_couplers_imp_8XTMXL is either unconnected or has no load
WARNING: [Synth 8-7129] Port M_ARESETN in module s00_couplers_imp_8XTMXL is either unconnected or has no load
WARNING: [Synth 8-7129] Port S_ACLK in module s00_couplers_imp_8XTMXL is either unconnected or has no load
WARNING: [Synth 8-7129] Port S_ARESETN in module s00_couplers_imp_8XTMXL is either unconnected or has no load
WARNING: [Synth 8-7129] Port M_ACLK in module m01_couplers_imp_BQ78ZU is either unconnected or has no load
WARNING: [Synth 8-7129] Port M_ARESETN in module m01_couplers_imp_BQ78ZU is either unconnected or has no load
WARNING: [Synth 8-7129] Port S_ACLK in module m01_couplers_imp_BQ78ZU is either unconnected or has no load
WARNING: [Synth 8-7129] Port S_ARESETN in module m01_couplers_imp_BQ78ZU is either unconnected or has no load
WARNING: [Synth 8-7129] Port M_ACLK in module m00_couplers_imp_H1K87E is either unconnected or has no load
WARNING: [Synth 8-7129] Port M_ARESETN in module m00_couplers_imp_H1K87E is either unconnected or has no load
WARNING: [Synth 8-7129] Port S_ACLK in module m00_couplers_imp_H1K87E is either unconnected or has no load
WARNING: [Synth 8-7129] Port S_ARESETN in module m00_couplers_imp_H1K87E is either unconnected or has no load
WARNING: [Synth 8-7129] Port M00_ACLK in module Block_Design_microblaze_0_axi_periph_0 is either unconnected or has no load
WARNING: [Synth 8-7129] Port M00_ARESETN in module Block_Design_microblaze_0_axi_periph_0 is either unconnected or has no load
WARNING: [Synth 8-7129] Port M01_ACLK in module Block_Design_microblaze_0_axi_periph_0 is either unconnected or has no load
WARNING: [Synth 8-7129] Port M01_ARESETN in module Block_Design_microblaze_0_axi_periph_0 is either unconnected or has no load
WARNING: [Synth 8-7129] Port S00_ACLK in module Block_Design_microblaze_0_axi_periph_0 is either unconnected or has no load
WARNING: [Synth 8-7129] Port S00_ARESETN in module Block_Design_microblaze_0_axi_periph_0 is either unconnected or has no load
---------------------------------------------------------------------------------
Finished RTL Elaboration : Time (s): cpu = 00:00:05 ; elapsed = 00:00:05 . Memory (MB): peak = 1427.219 ; gain = 506.938
---------------------------------------------------------------------------------
---------------------------------------------------------------------------------
Start Handling Custom Attributes
---------------------------------------------------------------------------------
---------------------------------------------------------------------------------
Finished Handling Custom Attributes : Time (s): cpu = 00:00:05 ; elapsed = 00:00:05 . Memory (MB): peak = 1427.219 ; gain = 506.938
---------------------------------------------------------------------------------
---------------------------------------------------------------------------------
Finished RTL Optimization Phase 1 : Time (s): cpu = 00:00:05 ; elapsed = 00:00:05 . Memory (MB): peak = 1427.219 ; gain = 506.938
---------------------------------------------------------------------------------
Netlist sorting complete. Time (s): cpu = 00:00:00 ; elapsed = 00:00:00.022 . Memory (MB): peak = 1427.219 ; gain = 0.000
INFO: [Project 1-570] Preparing netlist for logic optimization

Processing XDC Constraints
Initializing timing engine
Parsing XDC File [d:/Proiect_3/Block_Design/Block_Design.gen/sources_1/bd/Block_Design/ip/Block_Design_clk_wiz_0_0/Block_Design_clk_wiz_0_0/Block_Design_clk_wiz_0_0_in_context.xdc] for cell 'Block_Design_i/clk_wiz_0'
Finished Parsing XDC File [d:/Proiect_3/Block_Design/Block_Design.gen/sources_1/bd/Block_Design/ip/Block_Design_clk_wiz_0_0/Block_Design_clk_wiz_0_0/Block_Design_clk_wiz_0_0_in_context.xdc] for cell 'Block_Design_i/clk_wiz_0'
Parsing XDC File [d:/Proiect_3/Block_Design/Block_Design.gen/sources_1/bd/Block_Design/ip/Block_Design_microblaze_0_0/Block_Design_microblaze_0_0/Block_Design_microblaze_0_0_in_context.xdc] for cell 'Block_Design_i/microblaze_0'
Finished Parsing XDC File [d:/Proiect_3/Block_Design/Block_Design.gen/sources_1/bd/Block_Design/ip/Block_Design_microblaze_0_0/Block_Design_microblaze_0_0/Block_Design_microblaze_0_0_in_context.xdc] for cell 'Block_Design_i/microblaze_0'
Parsing XDC File [d:/Proiect_3/Block_Design/Block_Design.gen/sources_1/bd/Block_Design/ip/Block_Design_dlmb_v10_0/Block_Design_dlmb_v10_0/Block_Design_dlmb_v10_0_in_context.xdc] for cell 'Block_Design_i/microblaze_0_local_memory/dlmb_v10'
Finished Parsing XDC File [d:/Proiect_3/Block_Design/Block_Design.gen/sources_1/bd/Block_Design/ip/Block_Design_dlmb_v10_0/Block_Design_dlmb_v10_0/Block_Design_dlmb_v10_0_in_context.xdc] for cell 'Block_Design_i/microblaze_0_local_memory/dlmb_v10'
Parsing XDC File [d:/Proiect_3/Block_Design/Block_Design.gen/sources_1/bd/Block_Design/ip/Block_Design_ilmb_v10_0/Block_Design_ilmb_v10_0/Block_Design_dlmb_v10_0_in_context.xdc] for cell 'Block_Design_i/microblaze_0_local_memory/ilmb_v10'
Finished Parsing XDC File [d:/Proiect_3/Block_Design/Block_Design.gen/sources_1/bd/Block_Design/ip/Block_Design_ilmb_v10_0/Block_Design_ilmb_v10_0/Block_Design_dlmb_v10_0_in_context.xdc] for cell 'Block_Design_i/microblaze_0_local_memory/ilmb_v10'
Parsing XDC File [d:/Proiect_3/Block_Design/Block_Design.gen/sources_1/bd/Block_Design/ip/Block_Design_dlmb_bram_if_cntlr_0/Block_Design_dlmb_bram_if_cntlr_0/Block_Design_dlmb_bram_if_cntlr_0_in_context.xdc] for cell 'Block_Design_i/microblaze_0_local_memory/dlmb_bram_if_cntlr'
Finished Parsing XDC File [d:/Proiect_3/Block_Design/Block_Design.gen/sources_1/bd/Block_Design/ip/Block_Design_dlmb_bram_if_cntlr_0/Block_Design_dlmb_bram_if_cntlr_0/Block_Design_dlmb_bram_if_cntlr_0_in_context.xdc] for cell 'Block_Design_i/microblaze_0_local_memory/dlmb_bram_if_cntlr'
Parsing XDC File [d:/Proiect_3/Block_Design/Block_Design.gen/sources_1/bd/Block_Design/ip/Block_Design_ilmb_bram_if_cntlr_0/Block_Design_ilmb_bram_if_cntlr_0/Block_Design_ilmb_bram_if_cntlr_0_in_context.xdc] for cell 'Block_Design_i/microblaze_0_local_memory/ilmb_bram_if_cntlr'
Finished Parsing XDC File [d:/Proiect_3/Block_Design/Block_Design.gen/sources_1/bd/Block_Design/ip/Block_Design_ilmb_bram_if_cntlr_0/Block_Design_ilmb_bram_if_cntlr_0/Block_Design_ilmb_bram_if_cntlr_0_in_context.xdc] for cell 'Block_Design_i/microblaze_0_local_memory/ilmb_bram_if_cntlr'
Parsing XDC File [d:/Proiect_3/Block_Design/Block_Design.gen/sources_1/bd/Block_Design/ip/Block_Design_lmb_bram_0/Block_Design_lmb_bram_0/Block_Design_lmb_bram_0_in_context.xdc] for cell 'Block_Design_i/microblaze_0_local_memory/lmb_bram'
Finished Parsing XDC File [d:/Proiect_3/Block_Design/Block_Design.gen/sources_1/bd/Block_Design/ip/Block_Design_lmb_bram_0/Block_Design_lmb_bram_0/Block_Design_lmb_bram_0_in_context.xdc] for cell 'Block_Design_i/microblaze_0_local_memory/lmb_bram'
Parsing XDC File [d:/Proiect_3/Block_Design/Block_Design.gen/sources_1/bd/Block_Design/ip/Block_Design_mdm_1_0/Block_Design_mdm_1_0/Block_Design_mdm_1_0_in_context.xdc] for cell 'Block_Design_i/mdm_1'
Finished Parsing XDC File [d:/Proiect_3/Block_Design/Block_Design.gen/sources_1/bd/Block_Design/ip/Block_Design_mdm_1_0/Block_Design_mdm_1_0/Block_Design_mdm_1_0_in_context.xdc] for cell 'Block_Design_i/mdm_1'
Parsing XDC File [d:/Proiect_3/Block_Design/Block_Design.gen/sources_1/bd/Block_Design/ip/Block_Design_rst_clk_wiz_0_100M_0/Block_Design_rst_clk_wiz_0_100M_0/Block_Design_rst_clk_wiz_0_100M_0_in_context.xdc] for cell 'Block_Design_i/rst_clk_wiz_0_100M'
Finished Parsing XDC File [d:/Proiect_3/Block_Design/Block_Design.gen/sources_1/bd/Block_Design/ip/Block_Design_rst_clk_wiz_0_100M_0/Block_Design_rst_clk_wiz_0_100M_0/Block_Design_rst_clk_wiz_0_100M_0_in_context.xdc] for cell 'Block_Design_i/rst_clk_wiz_0_100M'
Parsing XDC File [d:/Proiect_3/Block_Design/Block_Design.gen/sources_1/bd/Block_Design/ip/Block_Design_axi_uartlite_0_0/Block_Design_axi_uartlite_0_0/Block_Design_axi_uartlite_0_0_in_context.xdc] for cell 'Block_Design_i/axi_uartlite_0'
Finished Parsing XDC File [d:/Proiect_3/Block_Design/Block_Design.gen/sources_1/bd/Block_Design/ip/Block_Design_axi_uartlite_0_0/Block_Design_axi_uartlite_0_0/Block_Design_axi_uartlite_0_0_in_context.xdc] for cell 'Block_Design_i/axi_uartlite_0'
Parsing XDC File [d:/Proiect_3/Block_Design/Block_Design.gen/sources_1/bd/Block_Design/ip/Block_Design_FFT_8_Points_IP_0_0/Block_Design_FFT_8_Points_IP_0_0/Block_Design_FFT_8_Points_IP_0_0_in_context.xdc] for cell 'Block_Design_i/FFT_8_Points_IP_0'
Finished Parsing XDC File [d:/Proiect_3/Block_Design/Block_Design.gen/sources_1/bd/Block_Design/ip/Block_Design_FFT_8_Points_IP_0_0/Block_Design_FFT_8_Points_IP_0_0/Block_Design_FFT_8_Points_IP_0_0_in_context.xdc] for cell 'Block_Design_i/FFT_8_Points_IP_0'
Parsing XDC File [d:/Proiect_3/Block_Design/Block_Design.gen/sources_1/bd/Block_Design/ip/Block_Design_xbar_1/Block_Design_xbar_1/Block_Design_xbar_1_in_context.xdc] for cell 'Block_Design_i/microblaze_0_axi_periph/xbar'
Finished Parsing XDC File [d:/Proiect_3/Block_Design/Block_Design.gen/sources_1/bd/Block_Design/ip/Block_Design_xbar_1/Block_Design_xbar_1/Block_Design_xbar_1_in_context.xdc] for cell 'Block_Design_i/microblaze_0_axi_periph/xbar'
Parsing XDC File [D:/Proiect_3/Block_Design/Block_Design.srcs/constrs_1/new/UnconstrainedPins.xdc]
Finished Parsing XDC File [D:/Proiect_3/Block_Design/Block_Design.srcs/constrs_1/new/UnconstrainedPins.xdc]
Parsing XDC File [D:/Proiect_3/Block_Design/Block_Design.runs/synth_1/dont_touch.xdc]
Finished Parsing XDC File [D:/Proiect_3/Block_Design/Block_Design.runs/synth_1/dont_touch.xdc]
Completed Processing XDC Constraints

Netlist sorting complete. Time (s): cpu = 00:00:00 ; elapsed = 00:00:00 . Memory (MB): peak = 1427.219 ; gain = 0.000
INFO: [Project 1-111] Unisim Transformation Summary:
No Unisim elements were transformed.

Constraint Validation Runtime : Time (s): cpu = 00:00:00 ; elapsed = 00:00:00.003 . Memory (MB): peak = 1427.219 ; gain = 0.000
WARNING: [Timing 38-316] Clock period '20.000' specified during out-of-context synthesis of instance 'Block_Design_i/microblaze_0_local_memory/lmb_bram' at clock pin 'clka' is different from the actual clock period '10.000', this can lead to different synthesis results.
INFO: [Designutils 20-5440] No compile time benefit to using incremental synthesis; A full resynthesis will be run
INFO: [Designutils 20-4379] Flow is switching to default flow due to incremental criteria not met. If you would like to alter this behaviour and have the flow terminate instead, please set the following parameter config_implementation {autoIncr.Synth.RejectBehavior Terminate}
---------------------------------------------------------------------------------
Finished Constraint Validation : Time (s): cpu = 00:00:10 ; elapsed = 00:00:10 . Memory (MB): peak = 1427.219 ; gain = 506.938
---------------------------------------------------------------------------------
---------------------------------------------------------------------------------
Start Loading Part and Timing Information
---------------------------------------------------------------------------------
Loading part: xc7z020clg400-1
---------------------------------------------------------------------------------
Finished Loading Part and Timing Information : Time (s): cpu = 00:00:10 ; elapsed = 00:00:10 . Memory (MB): peak = 1427.219 ; gain = 506.938
---------------------------------------------------------------------------------
---------------------------------------------------------------------------------
Start Applying 'set_property' XDC Constraints
---------------------------------------------------------------------------------
Applied set_property IO_BUFFER_TYPE = NONE for sys_clock. (constraint file  d:/Proiect_3/Block_Design/Block_Design.gen/sources_1/bd/Block_Design/ip/Block_Design_clk_wiz_0_0/Block_Design_clk_wiz_0_0/Block_Design_clk_wiz_0_0_in_context.xdc, line 3).
Applied set_property CLOCK_BUFFER_TYPE = NONE for sys_clock. (constraint file  d:/Proiect_3/Block_Design/Block_Design.gen/sources_1/bd/Block_Design/ip/Block_Design_clk_wiz_0_0/Block_Design_clk_wiz_0_0/Block_Design_clk_wiz_0_0_in_context.xdc, line 4).
Applied set_property KEEP_HIERARCHY = SOFT for Block_Design_i. (constraint file  auto generated constraint).
Applied set_property KEEP_HIERARCHY = SOFT for Block_Design_i/clk_wiz_0. (constraint file  auto generated constraint).
Applied set_property KEEP_HIERARCHY = SOFT for Block_Design_i/microblaze_0. (constraint file  auto generated constraint).
Applied set_property KEEP_HIERARCHY = SOFT for Block_Design_i/microblaze_0_local_memory/dlmb_v10. (constraint file  auto generated constraint).
Applied set_property KEEP_HIERARCHY = SOFT for Block_Design_i/microblaze_0_local_memory/ilmb_v10. (constraint file  auto generated constraint).
Applied set_property KEEP_HIERARCHY = SOFT for Block_Design_i/microblaze_0_local_memory/dlmb_bram_if_cntlr. (constraint file  auto generated constraint).
Applied set_property KEEP_HIERARCHY = SOFT for Block_Design_i/microblaze_0_local_memory/ilmb_bram_if_cntlr. (constraint file  auto generated constraint).
Applied set_property KEEP_HIERARCHY = SOFT for Block_Design_i/microblaze_0_local_memory/lmb_bram. (constraint file  auto generated constraint).
Applied set_property KEEP_HIERARCHY = SOFT for Block_Design_i/mdm_1. (constraint file  auto generated constraint).
Applied set_property KEEP_HIERARCHY = SOFT for Block_Design_i/rst_clk_wiz_0_100M. (constraint file  auto generated constraint).
Applied set_property KEEP_HIERARCHY = SOFT for Block_Design_i/axi_uartlite_0. (constraint file  auto generated constraint).
Applied set_property KEEP_HIERARCHY = SOFT for Block_Design_i/FFT_8_Points_IP_0. (constraint file  auto generated constraint).
Applied set_property KEEP_HIERARCHY = SOFT for Block_Design_i/microblaze_0_axi_periph/xbar. (constraint file  auto generated constraint).
Applied set_property KEEP_HIERARCHY = SOFT for Block_Design_i/microblaze_0_axi_periph. (constraint file  auto generated constraint).
---------------------------------------------------------------------------------
Finished applying 'set_property' XDC Constraints : Time (s): cpu = 00:00:10 ; elapsed = 00:00:10 . Memory (MB): peak = 1427.219 ; gain = 506.938
---------------------------------------------------------------------------------
---------------------------------------------------------------------------------
Finished RTL Optimization Phase 2 : Time (s): cpu = 00:00:10 ; elapsed = 00:00:10 . Memory (MB): peak = 1427.219 ; gain = 506.938
---------------------------------------------------------------------------------
---------------------------------------------------------------------------------
Start RTL Component Statistics 
---------------------------------------------------------------------------------
Detailed RTL Component Info : 
---------------------------------------------------------------------------------
Finished RTL Component Statistics 
---------------------------------------------------------------------------------
---------------------------------------------------------------------------------
Start Part Resource Summary
---------------------------------------------------------------------------------
Part Resources:
DSPs: 220 (col length:60)
BRAMs: 280 (col length: RAMB18 60 RAMB36 30)
---------------------------------------------------------------------------------
Finished Part Resource Summary
---------------------------------------------------------------------------------
---------------------------------------------------------------------------------
Start Cross Boundary and Area Optimization
---------------------------------------------------------------------------------
WARNING: [Synth 8-7080] Parallel synthesis criteria is not met
WARNING: [Synth 8-7129] Port M00_ACLK in module Block_Design_microblaze_0_axi_periph_0 is either unconnected or has no load
WARNING: [Synth 8-7129] Port M00_ARESETN in module Block_Design_microblaze_0_axi_periph_0 is either unconnected or has no load
WARNING: [Synth 8-7129] Port M01_ACLK in module Block_Design_microblaze_0_axi_periph_0 is either unconnected or has no load
WARNING: [Synth 8-7129] Port M01_ARESETN in module Block_Design_microblaze_0_axi_periph_0 is either unconnected or has no load
WARNING: [Synth 8-7129] Port S00_ACLK in module Block_Design_microblaze_0_axi_periph_0 is either unconnected or has no load
WARNING: [Synth 8-7129] Port S00_ARESETN in module Block_Design_microblaze_0_axi_periph_0 is either unconnected or has no load
---------------------------------------------------------------------------------
Finished Cross Boundary and Area Optimization : Time (s): cpu = 00:00:12 ; elapsed = 00:00:12 . Memory (MB): peak = 1427.219 ; gain = 506.938
---------------------------------------------------------------------------------
---------------------------------------------------------------------------------
Start Applying XDC Timing Constraints
---------------------------------------------------------------------------------
---------------------------------------------------------------------------------
Finished Applying XDC Timing Constraints : Time (s): cpu = 00:00:15 ; elapsed = 00:00:16 . Memory (MB): peak = 1427.219 ; gain = 506.938
---------------------------------------------------------------------------------
---------------------------------------------------------------------------------
Start Timing Optimization
---------------------------------------------------------------------------------
---------------------------------------------------------------------------------
Finished Timing Optimization : Time (s): cpu = 00:00:15 ; elapsed = 00:00:16 . Memory (MB): peak = 1427.219 ; gain = 506.938
---------------------------------------------------------------------------------
---------------------------------------------------------------------------------
Start Technology Mapping
---------------------------------------------------------------------------------
---------------------------------------------------------------------------------
Finished Technology Mapping : Time (s): cpu = 00:00:16 ; elapsed = 00:00:16 . Memory (MB): peak = 1427.219 ; gain = 506.938
---------------------------------------------------------------------------------
---------------------------------------------------------------------------------
Start IO Insertion
---------------------------------------------------------------------------------
---------------------------------------------------------------------------------
Start Flattening Before IO Insertion
---------------------------------------------------------------------------------
---------------------------------------------------------------------------------
Finished Flattening Before IO Insertion
---------------------------------------------------------------------------------
---------------------------------------------------------------------------------
Start Final Netlist Cleanup
---------------------------------------------------------------------------------
---------------------------------------------------------------------------------
Finished Final Netlist Cleanup
---------------------------------------------------------------------------------
---------------------------------------------------------------------------------
Finished IO Insertion : Time (s): cpu = 00:00:18 ; elapsed = 00:00:19 . Memory (MB): peak = 1438.031 ; gain = 517.750
---------------------------------------------------------------------------------
---------------------------------------------------------------------------------
Start Renaming Generated Instances
---------------------------------------------------------------------------------
---------------------------------------------------------------------------------
Finished Renaming Generated Instances : Time (s): cpu = 00:00:18 ; elapsed = 00:00:19 . Memory (MB): peak = 1438.031 ; gain = 517.750
---------------------------------------------------------------------------------
---------------------------------------------------------------------------------
Start Rebuilding User Hierarchy
---------------------------------------------------------------------------------
---------------------------------------------------------------------------------
Finished Rebuilding User Hierarchy : Time (s): cpu = 00:00:18 ; elapsed = 00:00:19 . Memory (MB): peak = 1438.031 ; gain = 517.750
---------------------------------------------------------------------------------
---------------------------------------------------------------------------------
Start Renaming Generated Ports
---------------------------------------------------------------------------------
---------------------------------------------------------------------------------
Finished Renaming Generated Ports : Time (s): cpu = 00:00:18 ; elapsed = 00:00:19 . Memory (MB): peak = 1438.031 ; gain = 517.750
---------------------------------------------------------------------------------
---------------------------------------------------------------------------------
Start Handling Custom Attributes
---------------------------------------------------------------------------------
---------------------------------------------------------------------------------
Finished Handling Custom Attributes : Time (s): cpu = 00:00:18 ; elapsed = 00:00:19 . Memory (MB): peak = 1438.031 ; gain = 517.750
---------------------------------------------------------------------------------
---------------------------------------------------------------------------------
Start Renaming Generated Nets
---------------------------------------------------------------------------------
---------------------------------------------------------------------------------
Finished Renaming Generated Nets : Time (s): cpu = 00:00:18 ; elapsed = 00:00:19 . Memory (MB): peak = 1438.031 ; gain = 517.750
---------------------------------------------------------------------------------
---------------------------------------------------------------------------------
Start Writing Synthesis Report
---------------------------------------------------------------------------------

Report BlackBoxes: 
+------+----------------------------------+----------+
|      |BlackBox name                     |Instances |
+------+----------------------------------+----------+
|1     |Block_Design_xbar_1               |         1|
|2     |Block_Design_FFT_8_Points_IP_0_0  |         1|
|3     |Block_Design_axi_uartlite_0_0     |         1|
|4     |Block_Design_clk_wiz_0_0          |         1|
|5     |Block_Design_mdm_1_0              |         1|
|6     |Block_Design_microblaze_0_0       |         1|
|7     |Block_Design_rst_clk_wiz_0_100M_0 |         1|
|8     |Block_Design_dlmb_bram_if_cntlr_0 |         1|
|9     |Block_Design_dlmb_v10_0           |         1|
|10    |Block_Design_ilmb_bram_if_cntlr_0 |         1|
|11    |Block_Design_ilmb_v10_0           |         1|
|12    |Block_Design_lmb_bram_0           |         1|
+------+----------------------------------+----------+

Report Cell Usage: 
+------+--------------------------------+------+
|      |Cell                            |Count |
+------+--------------------------------+------+
|1     |Block_Design_FFT_8_Points_IP_0  |     1|
|2     |Block_Design_axi_uartlite_0     |     1|
|3     |Block_Design_clk_wiz_0          |     1|
|4     |Block_Design_dlmb_bram_if_cntlr |     1|
|5     |Block_Design_dlmb_v10           |     1|
|6     |Block_Design_ilmb_bram_if_cntlr |     1|
|7     |Block_Design_ilmb_v10           |     1|
|8     |Block_Design_lmb_bram           |     1|
|9     |Block_Design_mdm_1              |     1|
|10    |Block_Design_microblaze_0       |     1|
|11    |Block_Design_rst_clk_wiz_0_100M |     1|
|12    |Block_Design_xbar               |     1|
|13    |IBUF                            |     2|
|14    |OBUF                            |     1|
+------+--------------------------------+------+
---------------------------------------------------------------------------------
Finished Writing Synthesis Report : Time (s): cpu = 00:00:18 ; elapsed = 00:00:19 . Memory (MB): peak = 1438.031 ; gain = 517.750
---------------------------------------------------------------------------------
Synthesis finished with 0 errors, 0 critical warnings and 7 warnings.
Synthesis Optimization Runtime : Time (s): cpu = 00:00:13 ; elapsed = 00:00:17 . Memory (MB): peak = 1438.031 ; gain = 517.750
Synthesis Optimization Complete : Time (s): cpu = 00:00:19 ; elapsed = 00:00:19 . Memory (MB): peak = 1438.031 ; gain = 517.750
INFO: [Project 1-571] Translating synthesized netlist
Netlist sorting complete. Time (s): cpu = 00:00:00 ; elapsed = 00:00:00.016 . Memory (MB): peak = 1450.109 ; gain = 0.000
INFO: [Project 1-570] Preparing netlist for logic optimization
INFO: [Opt 31-138] Pushed 0 inverter(s) to 0 load pin(s).
Netlist sorting complete. Time (s): cpu = 00:00:00 ; elapsed = 00:00:00 . Memory (MB): peak = 1458.684 ; gain = 0.000
INFO: [Project 1-111] Unisim Transformation Summary:
No Unisim elements were transformed.

Synth Design complete | Checksum: ac5af386
INFO: [Common 17-83] Releasing license: Synthesis
59 Infos, 40 Warnings, 0 Critical Warnings and 0 Errors encountered.
synth_design completed successfully
synth_design: Time (s): cpu = 00:00:21 ; elapsed = 00:00:22 . Memory (MB): peak = 1458.684 ; gain = 949.828
INFO: [Common 17-1381] The checkpoint 'D:/Proiect_3/Block_Design/Block_Design.runs/synth_1/Block_Design_wrapper.dcp' has been generated.
INFO: [runtcl-4] Executing : report_utilization -file Block_Design_wrapper_utilization_synth.rpt -pb Block_Design_wrapper_utilization_synth.pb
INFO: [Common 17-206] Exiting Vivado at Fri Aug 25 02:04:28 2023...
