Vivado Simulator v2023.1.1
Copyright 1986-2022 Xilinx, Inc. All Rights Reserved.
Copyright 2022-2023 Advanced Micro Devices, Inc. All Rights Reserved.
Running: D:/Vivado/2023.1/bin/unwrapped/win64.o/xelab.exe --incr --debug typical --relax --mt 2 -L xil_defaultlib -L unisims_ver -L unimacro_ver -L secureip --snapshot FFT_8_Points_TB_behav xil_defaultlib.FFT_8_Points_TB xil_defaultlib.glbl -log elaborate.log 
Using 2 slave threads.
Starting static elaboration
Pass Through NonSizing Optimizer
Completed static elaboration
Starting simulation data flow analysis
WARNING: [XSIM 43-4099] "D:/Digital/FFT/FFT_8_Points/FFT_8_Points.srcs/sources_1/new/FFT_8_Points.v" Line 1. Module FFT_8_Points doesn't have a timescale but at least one module in design has a timescale.
WARNING: [XSIM 43-4099] "D:/Digital/FFT/FFT_8_Points/FFT_8_Points.srcs/sources_1/new/Stage_1.v" Line 1. Module Stage_1 doesn't have a timescale but at least one module in design has a timescale.
WARNING: [XSIM 43-4099] "D:/Digital/FFT/FFT_8_Points/FFT_8_Points.srcs/sources_1/new/Stage_2.v" Line 1. Module Stage_2 doesn't have a timescale but at least one module in design has a timescale.
WARNING: [XSIM 43-4099] "D:/Digital/FFT/FFT_8_Points/FFT_8_Points.srcs/sources_1/new/Stage_3.v" Line 1. Module Stage_3 doesn't have a timescale but at least one module in design has a timescale.
WARNING: [XSIM 43-4099] "D:/Digital/FFT/FFT_8_Points/FFT_8_Points.srcs/sources_1/new/Const_Mul_With_07071.v" Line 1. Module Const_Mul_With_07071 doesn't have a timescale but at least one module in design has a timescale.
WARNING: [XSIM 43-4099] "D:/Digital/FFT/FFT_8_Points/FFT_8_Points.srcs/sources_1/new/Const_Mul_With_07071.v" Line 1. Module Const_Mul_With_07071 doesn't have a timescale but at least one module in design has a timescale.
WARNING: [XSIM 43-4099] "D:/Digital/FFT/FFT_8_Points/FFT_8_Points.srcs/sources_1/new/Const_Mul_With_07071.v" Line 1. Module Const_Mul_With_07071 doesn't have a timescale but at least one module in design has a timescale.
WARNING: [XSIM 43-4099] "D:/Digital/FFT/FFT_8_Points/FFT_8_Points.srcs/sources_1/new/Const_Mul_With_07071.v" Line 1. Module Const_Mul_With_07071 doesn't have a timescale but at least one module in design has a timescale.
WARNING: [XSIM 43-4099] "D:/Digital/FFT/FFT_8_Points/FFT_8_Points.srcs/sources_1/new/Const_Mul_With_07071.v" Line 1. Module Const_Mul_With_07071 doesn't have a timescale but at least one module in design has a timescale.
WARNING: [XSIM 43-4099] "D:/Digital/FFT/FFT_8_Points/FFT_8_Points.srcs/sources_1/new/Const_Mul_With_07071.v" Line 1. Module Const_Mul_With_07071 doesn't have a timescale but at least one module in design has a timescale.
WARNING: [XSIM 43-4099] "D:/Digital/FFT/FFT_8_Points/FFT_8_Points.srcs/sources_1/new/Const_Mul_With_07071.v" Line 1. Module Const_Mul_With_07071 doesn't have a timescale but at least one module in design has a timescale.
WARNING: [XSIM 43-4099] "D:/Digital/FFT/FFT_8_Points/FFT_8_Points.srcs/sources_1/new/Const_Mul_With_07071.v" Line 1. Module Const_Mul_With_07071 doesn't have a timescale but at least one module in design has a timescale.
WARNING: [XSIM 43-4099] "D:/Digital/FFT/FFT_8_Points/FFT_8_Points.srcs/sources_1/new/FFT_8_Points.v" Line 1. Module FFT_8_Points doesn't have a timescale but at least one module in design has a timescale.
WARNING: [XSIM 43-4099] "D:/Digital/FFT/FFT_8_Points/FFT_8_Points.srcs/sources_1/new/Stage_1.v" Line 1. Module Stage_1 doesn't have a timescale but at least one module in design has a timescale.
WARNING: [XSIM 43-4099] "D:/Digital/FFT/FFT_8_Points/FFT_8_Points.srcs/sources_1/new/Stage_2.v" Line 1. Module Stage_2 doesn't have a timescale but at least one module in design has a timescale.
WARNING: [XSIM 43-4099] "D:/Digital/FFT/FFT_8_Points/FFT_8_Points.srcs/sources_1/new/Stage_3.v" Line 1. Module Stage_3 doesn't have a timescale but at least one module in design has a timescale.
WARNING: [XSIM 43-4099] "D:/Digital/FFT/FFT_8_Points/FFT_8_Points.srcs/sources_1/new/Const_Mul_With_07071.v" Line 1. Module Const_Mul_With_07071 doesn't have a timescale but at least one module in design has a timescale.
WARNING: [XSIM 43-4099] "D:/Digital/FFT/FFT_8_Points/FFT_8_Points.srcs/sources_1/new/Const_Mul_With_07071.v" Line 1. Module Const_Mul_With_07071 doesn't have a timescale but at least one module in design has a timescale.
WARNING: [XSIM 43-4099] "D:/Digital/FFT/FFT_8_Points/FFT_8_Points.srcs/sources_1/new/Const_Mul_With_07071.v" Line 1. Module Const_Mul_With_07071 doesn't have a timescale but at least one module in design has a timescale.
WARNING: [XSIM 43-4099] "D:/Digital/FFT/FFT_8_Points/FFT_8_Points.srcs/sources_1/new/Const_Mul_With_07071.v" Line 1. Module Const_Mul_With_07071 doesn't have a timescale but at least one module in design has a timescale.
WARNING: [XSIM 43-4099] "D:/Digital/FFT/FFT_8_Points/FFT_8_Points.srcs/sources_1/new/Const_Mul_With_07071.v" Line 1. Module Const_Mul_With_07071 doesn't have a timescale but at least one module in design has a timescale.
WARNING: [XSIM 43-4099] "D:/Digital/FFT/FFT_8_Points/FFT_8_Points.srcs/sources_1/new/Const_Mul_With_07071.v" Line 1. Module Const_Mul_With_07071 doesn't have a timescale but at least one module in design has a timescale.
WARNING: [XSIM 43-4099] "D:/Digital/FFT/FFT_8_Points/FFT_8_Points.srcs/sources_1/new/Const_Mul_With_07071.v" Line 1. Module Const_Mul_With_07071 doesn't have a timescale but at least one module in design has a timescale.
WARNING: [XSIM 43-4099] "D:/Digital/FFT/FFT_8_Points/FFT_8_Points.srcs/sources_1/new/Const_Mul_With_07071.v" Line 1. Module Const_Mul_With_07071 doesn't have a timescale but at least one module in design has a timescale.
Completed simulation data flow analysis
Time Resolution for simulation is 1ps
Compiling module xil_defaultlib.Stage_1
Compiling module xil_defaultlib.Stage_2
Compiling module xil_defaultlib.Const_Mul_With_07071
Compiling module xil_defaultlib.Stage_3
Compiling module xil_defaultlib.FFT_8_Points
Compiling module xil_defaultlib.FFT_8_Points_TB
Compiling module xil_defaultlib.glbl
Built simulation snapshot FFT_8_Points_TB_behav
