TRACE::2023-08-25.02:31:14::SCWPlatform::Trying to open the hw design at D:/Proiect_3/Block_Design/Block_Design_wrapper/hw/Block_Design_wrapper.xsa
TRACE::2023-08-25.02:31:14::SCWPlatform::DSA given D:/Proiect_3/Block_Design/Block_Design_wrapper/hw/Block_Design_wrapper.xsa
TRACE::2023-08-25.02:31:14::SCWPlatform::DSA absoulate path D:/Proiect_3/Block_Design/Block_Design_wrapper/hw/Block_Design_wrapper.xsa
TRACE::2023-08-25.02:31:14::SCWPlatform::DSA directory D:/Proiect_3/Block_Design/Block_Design_wrapper/hw
TRACE::2023-08-25.02:31:14::SCWPlatform:: Platform Path D:/Proiect_3/Block_Design/Block_Design_wrapper/hw/Block_Design_wrapper.xsa
TRACE::2023-08-25.02:31:14::SCWPlatform:: Unique name xilinx:pynq-z2::0.0
TRACE::2023-08-25.02:31:14::SCWPlatform::Do not have an existing db opened. 
TRACE::2023-08-25.02:31:14::SCWPlatform::Opened new HwDB with name Block_Design_wrapper_1
TRACE::2023-08-25.02:31:14::SCWWriter::formatted JSON is {
	"platformName":	"Block_Design_wrapper",
	"sprVersion":	"2.0",
	"mode":	"gui",
	"dsaType":	"Fixed",
	"platformDesc":	"Block_Design_wrapper",
	"platHandOff":	"<platformDir>.xsa",
	"platIntHandOff":	"<platformDir>/hw/Block_Design_wrapper.xsa",
	"deviceType":	"FPGA",
	"platIsPrebuiltAutogen":	"false",
	"platIsNoBootBsp":	"false",
	"hasFsblMakeHasChanges":	"false",
	"hasPmufwMakeHasChanges":	"false",
	"platPreBuiltFlag":	false,
	"platformSamplesDir":	""
}
TRACE::2023-08-25.02:31:14::SCWWriter::formatted JSON is {
	"platformName":	"Block_Design_wrapper",
	"sprVersion":	"2.0",
	"mode":	"gui",
	"dsaType":	"Fixed",
	"platformDesc":	"Block_Design_wrapper",
	"platHandOff":	"<platformDir>.xsa",
	"platIntHandOff":	"<platformDir>/hw/Block_Design_wrapper.xsa",
	"deviceType":	"FPGA",
	"platIsPrebuiltAutogen":	"false",
	"platIsNoBootBsp":	"false",
	"hasFsblMakeHasChanges":	"false",
	"hasPmufwMakeHasChanges":	"false",
	"platPreBuiltFlag":	false,
	"platformSamplesDir":	"",
	"platActiveSys":	"Block_Design_wrapper",
	"systems":	[{
			"systemName":	"Block_Design_wrapper",
			"systemDesc":	"Block_Design_wrapper",
			"sysIsBootAutoGen":	"true",
			"systemDispName":	"Block_Design_wrapper"
		}]
}
TRACE::2023-08-25.02:31:14::SCWPlatform::Boot application domains not present, creating them
TRACE::2023-08-25.02:31:14::SCWPlatform::Pure FPGA device, no boot application will be created.
TRACE::2023-08-25.02:31:14::SCWWriter::formatted JSON is {
	"platformName":	"Block_Design_wrapper",
	"sprVersion":	"2.0",
	"mode":	"gui",
	"dsaType":	"Fixed",
	"platformDesc":	"Block_Design_wrapper",
	"platHandOff":	"<platformDir>.xsa",
	"platIntHandOff":	"<platformDir>/hw/Block_Design_wrapper.xsa",
	"deviceType":	"FPGA",
	"platIsPrebuiltAutogen":	"false",
	"platIsNoBootBsp":	"false",
	"hasFsblMakeHasChanges":	"false",
	"hasPmufwMakeHasChanges":	"false",
	"platPreBuiltFlag":	false,
	"platformSamplesDir":	"",
	"platActiveSys":	"Block_Design_wrapper",
	"systems":	[{
			"systemName":	"Block_Design_wrapper",
			"systemDesc":	"Block_Design_wrapper",
			"sysIsBootAutoGen":	"true",
			"systemDispName":	"Block_Design_wrapper"
		}]
}
TRACE::2023-08-25.02:31:14::SCWWriter::formatted JSON is {
	"platformName":	"Block_Design_wrapper",
	"sprVersion":	"2.0",
	"mode":	"gui",
	"dsaType":	"Fixed",
	"platformDesc":	"Block_Design_wrapper",
	"platHandOff":	"<platformDir>.xsa",
	"platIntHandOff":	"<platformDir>/hw/Block_Design_wrapper.xsa",
	"deviceType":	"FPGA",
	"platIsPrebuiltAutogen":	"false",
	"platIsNoBootBsp":	"false",
	"hasFsblMakeHasChanges":	"false",
	"hasPmufwMakeHasChanges":	"false",
	"platPreBuiltFlag":	false,
	"platformSamplesDir":	"",
	"platActiveSys":	"Block_Design_wrapper",
	"systems":	[{
			"systemName":	"Block_Design_wrapper",
			"systemDesc":	"Block_Design_wrapper",
			"sysIsBootAutoGen":	"true",
			"systemDispName":	"Block_Design_wrapper"
		}]
}
TRACE::2023-08-25.02:31:14::SCWPlatform::Trying to open the hw design at D:/Proiect_3/Block_Design/Block_Design_wrapper/hw/Block_Design_wrapper.xsa
TRACE::2023-08-25.02:31:14::SCWPlatform::DSA given D:/Proiect_3/Block_Design/Block_Design_wrapper/hw/Block_Design_wrapper.xsa
TRACE::2023-08-25.02:31:14::SCWPlatform::DSA absoulate path D:/Proiect_3/Block_Design/Block_Design_wrapper/hw/Block_Design_wrapper.xsa
TRACE::2023-08-25.02:31:14::SCWPlatform::DSA directory D:/Proiect_3/Block_Design/Block_Design_wrapper/hw
TRACE::2023-08-25.02:31:14::SCWPlatform:: Platform Path D:/Proiect_3/Block_Design/Block_Design_wrapper/hw/Block_Design_wrapper.xsa
TRACE::2023-08-25.02:31:14::SCWPlatform:: Unique name xilinx:pynq-z2::0.0
TRACE::2023-08-25.02:31:14::SCWPlatform::Trying to set the existing hwdb with name Block_Design_wrapper_1
TRACE::2023-08-25.02:31:14::SCWPlatform::Opened existing hwdb Block_Design_wrapper_1
TRACE::2023-08-25.02:31:14::SCWPlatform::Found the Hw Db part of the input DSA
TRACE::2023-08-25.02:31:14::SCWPlatform::Trying to open the hw design at D:/Proiect_3/Block_Design/Block_Design_wrapper/hw/Block_Design_wrapper.xsa
TRACE::2023-08-25.02:31:14::SCWPlatform::DSA given D:/Proiect_3/Block_Design/Block_Design_wrapper/hw/Block_Design_wrapper.xsa
TRACE::2023-08-25.02:31:14::SCWPlatform::DSA absoulate path D:/Proiect_3/Block_Design/Block_Design_wrapper/hw/Block_Design_wrapper.xsa
TRACE::2023-08-25.02:31:14::SCWPlatform::DSA directory D:/Proiect_3/Block_Design/Block_Design_wrapper/hw
TRACE::2023-08-25.02:31:14::SCWPlatform:: Platform Path D:/Proiect_3/Block_Design/Block_Design_wrapper/hw/Block_Design_wrapper.xsa
TRACE::2023-08-25.02:31:14::SCWPlatform:: Unique name xilinx:pynq-z2::0.0
TRACE::2023-08-25.02:31:14::SCWPlatform::Trying to set the existing hwdb with name Block_Design_wrapper_1
TRACE::2023-08-25.02:31:14::SCWPlatform::Opened existing hwdb Block_Design_wrapper_1
TRACE::2023-08-25.02:31:14::SCWPlatform::Found the Hw Db part of the input DSA
TRACE::2023-08-25.02:31:14::SCWDomain::checking for install qemu data   : 
TRACE::2023-08-25.02:31:14::SCWPlatform::Trying to open the hw design at D:/Proiect_3/Block_Design/Block_Design_wrapper/hw/Block_Design_wrapper.xsa
TRACE::2023-08-25.02:31:14::SCWPlatform::DSA given D:/Proiect_3/Block_Design/Block_Design_wrapper/hw/Block_Design_wrapper.xsa
TRACE::2023-08-25.02:31:14::SCWPlatform::DSA absoulate path D:/Proiect_3/Block_Design/Block_Design_wrapper/hw/Block_Design_wrapper.xsa
TRACE::2023-08-25.02:31:14::SCWPlatform::DSA directory D:/Proiect_3/Block_Design/Block_Design_wrapper/hw
TRACE::2023-08-25.02:31:14::SCWPlatform:: Platform Path D:/Proiect_3/Block_Design/Block_Design_wrapper/hw/Block_Design_wrapper.xsa
TRACE::2023-08-25.02:31:14::SCWPlatform:: Unique name xilinx:pynq-z2::0.0
TRACE::2023-08-25.02:31:14::SCWPlatform::Trying to set the existing hwdb with name Block_Design_wrapper_1
TRACE::2023-08-25.02:31:14::SCWPlatform::Opened existing hwdb Block_Design_wrapper_1
TRACE::2023-08-25.02:31:14::SCWPlatform::Found the Hw Db part of the input DSA
TRACE::2023-08-25.02:31:14::SCWPlatform::Trying to open the hw design at D:/Proiect_3/Block_Design/Block_Design_wrapper/hw/Block_Design_wrapper.xsa
TRACE::2023-08-25.02:31:14::SCWPlatform::DSA given D:/Proiect_3/Block_Design/Block_Design_wrapper/hw/Block_Design_wrapper.xsa
TRACE::2023-08-25.02:31:14::SCWPlatform::DSA absoulate path D:/Proiect_3/Block_Design/Block_Design_wrapper/hw/Block_Design_wrapper.xsa
TRACE::2023-08-25.02:31:14::SCWPlatform::DSA directory D:/Proiect_3/Block_Design/Block_Design_wrapper/hw
TRACE::2023-08-25.02:31:14::SCWPlatform:: Platform Path D:/Proiect_3/Block_Design/Block_Design_wrapper/hw/Block_Design_wrapper.xsa
TRACE::2023-08-25.02:31:14::SCWPlatform:: Unique name xilinx:pynq-z2::0.0
TRACE::2023-08-25.02:31:14::SCWPlatform::Trying to set the existing hwdb with name Block_Design_wrapper_1
TRACE::2023-08-25.02:31:14::SCWPlatform::Opened existing hwdb Block_Design_wrapper_1
TRACE::2023-08-25.02:31:14::SCWPlatform::Found the Hw Db part of the input DSA
TRACE::2023-08-25.02:31:14::SCWPlatform::Trying to open the hw design at D:/Proiect_3/Block_Design/Block_Design_wrapper/hw/Block_Design_wrapper.xsa
TRACE::2023-08-25.02:31:14::SCWPlatform::DSA given D:/Proiect_3/Block_Design/Block_Design_wrapper/hw/Block_Design_wrapper.xsa
TRACE::2023-08-25.02:31:14::SCWPlatform::DSA absoulate path D:/Proiect_3/Block_Design/Block_Design_wrapper/hw/Block_Design_wrapper.xsa
TRACE::2023-08-25.02:31:14::SCWPlatform::DSA directory D:/Proiect_3/Block_Design/Block_Design_wrapper/hw
TRACE::2023-08-25.02:31:14::SCWPlatform:: Platform Path D:/Proiect_3/Block_Design/Block_Design_wrapper/hw/Block_Design_wrapper.xsa
TRACE::2023-08-25.02:31:14::SCWPlatform:: Unique name xilinx:pynq-z2::0.0
TRACE::2023-08-25.02:31:14::SCWPlatform::Trying to set the existing hwdb with name Block_Design_wrapper_1
TRACE::2023-08-25.02:31:14::SCWPlatform::Opened existing hwdb Block_Design_wrapper_1
TRACE::2023-08-25.02:31:14::SCWPlatform::Found the Hw Db part of the input DSA
TRACE::2023-08-25.02:31:14::SCWMssOS::Checking the sw design at  D:/Proiect_3/Block_Design/Block_Design_wrapper/microblaze_0/standalone_microblaze_0/bsp/system.mss
TRACE::2023-08-25.02:31:14::SCWMssOS::DEBUG:  swdes dump  
TRACE::2023-08-25.02:31:14::SCWMssOS::No sw design opened at  D:/Proiect_3/Block_Design/Block_Design_wrapper/microblaze_0/standalone_microblaze_0/bsp/system.mss
TRACE::2023-08-25.02:31:14::SCWMssOS::mss does not exists at D:/Proiect_3/Block_Design/Block_Design_wrapper/microblaze_0/standalone_microblaze_0/bsp/system.mss
TRACE::2023-08-25.02:31:14::SCWMssOS::Creating sw design at  D:/Proiect_3/Block_Design/Block_Design_wrapper/microblaze_0/standalone_microblaze_0/bsp/system.mss
TRACE::2023-08-25.02:31:14::SCWMssOS::Adding the swdes entry, created swdb D:/Proiect_3/Block_Design/Block_Design_wrapper/microblaze_0/standalone_microblaze_0/bsp/system.mss with des name D:/Proiect_3/Block_Design/Block_Design_wrapper/microblaze_0/standalone_microblaze_0/bsp/system.mss
TRACE::2023-08-25.02:31:14::SCWMssOS::updating the scw layer changes to swdes at   D:/Proiect_3/Block_Design/Block_Design_wrapper/microblaze_0/standalone_microblaze_0/bsp/system.mss
TRACE::2023-08-25.02:31:14::SCWMssOS::Writing mss at D:/Proiect_3/Block_Design/Block_Design_wrapper/microblaze_0/standalone_microblaze_0/bsp/system.mss
TRACE::2023-08-25.02:31:14::SCWMssOS::Completed writing the mss file at D:/Proiect_3/Block_Design/Block_Design_wrapper/microblaze_0/standalone_microblaze_0/bsp
TRACE::2023-08-25.02:31:14::SCWMssOS::Picking up changes from newly written mss file into SCW Layer. 
TRACE::2023-08-25.02:31:14::SCWMssOS::Updated the changes from newly written mss file into SCW Layer. 
TRACE::2023-08-25.02:31:14::SCWMssOS::Completed writing the mss file at D:/Proiect_3/Block_Design/Block_Design_wrapper/microblaze_0/standalone_microblaze_0/bsp
TRACE::2023-08-25.02:31:14::SCWMssOS::Forcing BSP Sources regeneration.
TRACE::2023-08-25.02:31:15::SCWMssOS::Saving the mss changes D:/Proiect_3/Block_Design/Block_Design_wrapper/microblaze_0/standalone_microblaze_0/bsp/system.mss
TRACE::2023-08-25.02:31:15::SCWMssOS::Adding the swdes entry, mss present, able to open swdb D:/Proiect_3/Block_Design/Block_Design_wrapper/microblaze_0/standalone_microblaze_0/bsp/system.mss with des name system
TRACE::2023-08-25.02:31:15::SCWMssOS::Writing the mss file completed D:/Proiect_3/Block_Design/Block_Design_wrapper/microblaze_0/standalone_microblaze_0/bsp/system.mss
TRACE::2023-08-25.02:31:15::SCWMssOS::Commit changes completed.
TRACE::2023-08-25.02:31:15::SCWPlatform::Trying to open the hw design at D:/Proiect_3/Block_Design/Block_Design_wrapper/hw/Block_Design_wrapper.xsa
TRACE::2023-08-25.02:31:15::SCWPlatform::DSA given D:/Proiect_3/Block_Design/Block_Design_wrapper/hw/Block_Design_wrapper.xsa
TRACE::2023-08-25.02:31:15::SCWPlatform::DSA absoulate path D:/Proiect_3/Block_Design/Block_Design_wrapper/hw/Block_Design_wrapper.xsa
TRACE::2023-08-25.02:31:15::SCWPlatform::DSA directory D:/Proiect_3/Block_Design/Block_Design_wrapper/hw
TRACE::2023-08-25.02:31:15::SCWPlatform:: Platform Path D:/Proiect_3/Block_Design/Block_Design_wrapper/hw/Block_Design_wrapper.xsa
TRACE::2023-08-25.02:31:15::SCWPlatform:: Unique name xilinx:pynq-z2::0.0
TRACE::2023-08-25.02:31:15::SCWPlatform::Trying to set the existing hwdb with name Block_Design_wrapper_1
TRACE::2023-08-25.02:31:15::SCWPlatform::Opened existing hwdb Block_Design_wrapper_1
TRACE::2023-08-25.02:31:15::SCWPlatform::Found the Hw Db part of the input DSA
TRACE::2023-08-25.02:31:15::SCWMssOS::Checking the sw design at  D:/Proiect_3/Block_Design/Block_Design_wrapper/microblaze_0/standalone_microblaze_0/bsp/system.mss
TRACE::2023-08-25.02:31:15::SCWMssOS::DEBUG:  swdes dump  D:/Proiect_3/Block_Design/Block_Design_wrapper/microblaze_0/standalone_microblaze_0/bsp/system.mss|system||

TRACE::2023-08-25.02:31:15::SCWMssOS::Sw design exists and opened at  D:/Proiect_3/Block_Design/Block_Design_wrapper/microblaze_0/standalone_microblaze_0/bsp/system.mss
TRACE::2023-08-25.02:31:15::SCWPlatform::Trying to open the hw design at D:/Proiect_3/Block_Design/Block_Design_wrapper/hw/Block_Design_wrapper.xsa
TRACE::2023-08-25.02:31:15::SCWPlatform::DSA given D:/Proiect_3/Block_Design/Block_Design_wrapper/hw/Block_Design_wrapper.xsa
TRACE::2023-08-25.02:31:15::SCWPlatform::DSA absoulate path D:/Proiect_3/Block_Design/Block_Design_wrapper/hw/Block_Design_wrapper.xsa
TRACE::2023-08-25.02:31:15::SCWPlatform::DSA directory D:/Proiect_3/Block_Design/Block_Design_wrapper/hw
TRACE::2023-08-25.02:31:15::SCWPlatform:: Platform Path D:/Proiect_3/Block_Design/Block_Design_wrapper/hw/Block_Design_wrapper.xsa
TRACE::2023-08-25.02:31:15::SCWPlatform:: Unique name xilinx:pynq-z2::0.0
TRACE::2023-08-25.02:31:15::SCWPlatform::Trying to set the existing hwdb with name Block_Design_wrapper_1
TRACE::2023-08-25.02:31:15::SCWPlatform::Opened existing hwdb Block_Design_wrapper_1
TRACE::2023-08-25.02:31:15::SCWPlatform::Found the Hw Db part of the input DSA
TRACE::2023-08-25.02:31:15::SCWMssOS::Checking the sw design at  D:/Proiect_3/Block_Design/Block_Design_wrapper/microblaze_0/standalone_microblaze_0/bsp/system.mss
TRACE::2023-08-25.02:31:15::SCWMssOS::DEBUG:  swdes dump  D:/Proiect_3/Block_Design/Block_Design_wrapper/microblaze_0/standalone_microblaze_0/bsp/system.mss|system||

TRACE::2023-08-25.02:31:15::SCWMssOS::Sw design exists and opened at  D:/Proiect_3/Block_Design/Block_Design_wrapper/microblaze_0/standalone_microblaze_0/bsp/system.mss
TRACE::2023-08-25.02:31:15::SCWPlatform::Trying to open the hw design at D:/Proiect_3/Block_Design/Block_Design_wrapper/hw/Block_Design_wrapper.xsa
TRACE::2023-08-25.02:31:15::SCWPlatform::DSA given D:/Proiect_3/Block_Design/Block_Design_wrapper/hw/Block_Design_wrapper.xsa
TRACE::2023-08-25.02:31:15::SCWPlatform::DSA absoulate path D:/Proiect_3/Block_Design/Block_Design_wrapper/hw/Block_Design_wrapper.xsa
TRACE::2023-08-25.02:31:15::SCWPlatform::DSA directory D:/Proiect_3/Block_Design/Block_Design_wrapper/hw
TRACE::2023-08-25.02:31:15::SCWPlatform:: Platform Path D:/Proiect_3/Block_Design/Block_Design_wrapper/hw/Block_Design_wrapper.xsa
TRACE::2023-08-25.02:31:15::SCWPlatform:: Unique name xilinx:pynq-z2::0.0
TRACE::2023-08-25.02:31:15::SCWPlatform::Trying to set the existing hwdb with name Block_Design_wrapper_1
TRACE::2023-08-25.02:31:15::SCWPlatform::Opened existing hwdb Block_Design_wrapper_1
TRACE::2023-08-25.02:31:15::SCWPlatform::Found the Hw Db part of the input DSA
TRACE::2023-08-25.02:31:15::SCWMssOS::Checking the sw design at  D:/Proiect_3/Block_Design/Block_Design_wrapper/microblaze_0/standalone_microblaze_0/bsp/system.mss
TRACE::2023-08-25.02:31:15::SCWMssOS::DEBUG:  swdes dump  D:/Proiect_3/Block_Design/Block_Design_wrapper/microblaze_0/standalone_microblaze_0/bsp/system.mss|system||

TRACE::2023-08-25.02:31:15::SCWMssOS::Sw design exists and opened at  D:/Proiect_3/Block_Design/Block_Design_wrapper/microblaze_0/standalone_microblaze_0/bsp/system.mss
TRACE::2023-08-25.02:31:15::SCWWriter::formatted JSON is {
	"platformName":	"Block_Design_wrapper",
	"sprVersion":	"2.0",
	"mode":	"gui",
	"dsaType":	"Fixed",
	"platformDesc":	"Block_Design_wrapper",
	"platHandOff":	"<platformDir>.xsa",
	"platIntHandOff":	"<platformDir>/hw/Block_Design_wrapper.xsa",
	"deviceType":	"FPGA",
	"platIsPrebuiltAutogen":	"false",
	"platIsNoBootBsp":	"false",
	"hasFsblMakeHasChanges":	"false",
	"hasPmufwMakeHasChanges":	"false",
	"platPreBuiltFlag":	false,
	"platformSamplesDir":	"",
	"platActiveSys":	"Block_Design_wrapper",
	"systems":	[{
			"systemName":	"Block_Design_wrapper",
			"systemDesc":	"Block_Design_wrapper",
			"sysIsBootAutoGen":	"true",
			"systemDispName":	"Block_Design_wrapper",
			"sysActiveDom":	"standalone_microblaze_0",
			"sysDefaultDom":	"standalone_microblaze_0",
			"domains":	[{
					"domainName":	"standalone_microblaze_0",
					"domainDispName":	"standalone_microblaze_0",
					"domainDesc":	"standalone_microblaze_0",
					"processors":	"microblaze_0",
					"os":	"standalone",
					"sdxOs":	"standalone",
					"debugEnable":	"False",
					"domRuntimes":	["cpp"],
					"swRepo":	"",
					"mssOsVer":	"8.1",
					"mssFile":	"",
					"md5Digest":	"4762220957e6fbb888f0f060715a1359",
					"compatibleApp":	"hello_world",
					"domType":	"mssDomain",
					"arch":	"32-bit",
					"appSettings":	{
						"appCompilerFlags":	"",
						"appLinkerFlags":	""
					},
					"addedLibs":	[],
					"libOptions":	{
						"libsContainingOptions":	[]
					},
					"prebuiltLibs":	{
						"prebuiltIncPath":	[],
						"prebuiltLibPath":	[]
					},
					"isolation":	{
					}
				}]
		}]
}
LOG::2023-08-25.02:31:15::SCWPlatform::Started generating the artifacts platform Block_Design_wrapper
TRACE::2023-08-25.02:31:15::SCWPlatform::Sanity checking of platform is completed
LOG::2023-08-25.02:31:15::SCWPlatform::Started generating the artifacts for system configuration Block_Design_wrapper
LOG::2023-08-25.02:31:15::SCWSystem::Checking the domain standalone_microblaze_0
LOG::2023-08-25.02:31:15::SCWSystem::Not a boot domain 
LOG::2023-08-25.02:31:15::SCWSystem::Started Processing the domain standalone_microblaze_0
TRACE::2023-08-25.02:31:15::SCWDomain::Generating domain artifcats
TRACE::2023-08-25.02:31:15::SCWMssOS::Generating standalone artifcats
TRACE::2023-08-25.02:31:15::SCWMssOS:: Copying the user libraries. 
TRACE::2023-08-25.02:31:15::SCWPlatform::Trying to open the hw design at D:/Proiect_3/Block_Design/Block_Design_wrapper/hw/Block_Design_wrapper.xsa
TRACE::2023-08-25.02:31:15::SCWPlatform::DSA given D:/Proiect_3/Block_Design/Block_Design_wrapper/hw/Block_Design_wrapper.xsa
TRACE::2023-08-25.02:31:15::SCWPlatform::DSA absoulate path D:/Proiect_3/Block_Design/Block_Design_wrapper/hw/Block_Design_wrapper.xsa
TRACE::2023-08-25.02:31:15::SCWPlatform::DSA directory D:/Proiect_3/Block_Design/Block_Design_wrapper/hw
TRACE::2023-08-25.02:31:15::SCWPlatform:: Platform Path D:/Proiect_3/Block_Design/Block_Design_wrapper/hw/Block_Design_wrapper.xsa
TRACE::2023-08-25.02:31:15::SCWPlatform:: Unique name xilinx:pynq-z2::0.0
TRACE::2023-08-25.02:31:15::SCWPlatform::Trying to set the existing hwdb with name Block_Design_wrapper_1
TRACE::2023-08-25.02:31:15::SCWPlatform::Opened existing hwdb Block_Design_wrapper_1
TRACE::2023-08-25.02:31:15::SCWPlatform::Found the Hw Db part of the input DSA
TRACE::2023-08-25.02:31:15::SCWMssOS::Checking the sw design at  D:/Proiect_3/Block_Design/Block_Design_wrapper/microblaze_0/standalone_microblaze_0/bsp/system.mss
TRACE::2023-08-25.02:31:15::SCWMssOS::DEBUG:  swdes dump  D:/Proiect_3/Block_Design/Block_Design_wrapper/microblaze_0/standalone_microblaze_0/bsp/system.mss|system||

TRACE::2023-08-25.02:31:15::SCWMssOS::Sw design exists and opened at  D:/Proiect_3/Block_Design/Block_Design_wrapper/microblaze_0/standalone_microblaze_0/bsp/system.mss
TRACE::2023-08-25.02:31:15::SCWMssOS::Completed writing the mss file at D:/Proiect_3/Block_Design/Block_Design_wrapper/microblaze_0/standalone_microblaze_0/bsp
TRACE::2023-08-25.02:31:15::SCWMssOS::Mss edits present, copying mssfile into export location D:/Proiect_3/Block_Design/Block_Design_wrapper/microblaze_0/standalone_microblaze_0/bsp/system.mss
TRACE::2023-08-25.02:31:15::SCWMssOS::bsp generated is upto date with the mss file. Skipping bsp generation.
TRACE::2023-08-25.02:31:15::SCWMssOS::BSP is already built. skipping the bsp build ... 
TRACE::2023-08-25.02:31:15::SCWDomain::Skipping the build for domain :  standalone_microblaze_0
TRACE::2023-08-25.02:31:15::SCWMssOS::skipping the bsp build ... 
TRACE::2023-08-25.02:31:15::SCWMssOS::Copying to export directory.
TRACE::2023-08-25.02:31:15::SCWMssOS:: Checking if to create the Supporting Applications
TRACE::2023-08-25.02:31:15::SCWMssOS:: No Linux domain exists, trying to generate FSBL 
LOG::2023-08-25.02:31:15::SCWSystem::Completed Processing the domain standalone_microblaze_0
LOG::2023-08-25.02:31:15::SCWSystem::Completed Processing the sysconfig Block_Design_wrapper
LOG::2023-08-25.02:31:15::SCWPlatform::Completed generating the artifacts for system configuration Block_Design_wrapper
TRACE::2023-08-25.02:31:15::SCWPlatform::Started preparing the platform 
TRACE::2023-08-25.02:31:15::SCWSystem::Writing the bif file for system config Block_Design_wrapper
TRACE::2023-08-25.02:31:15::SCWSystem::dir created 
TRACE::2023-08-25.02:31:15::SCWSystem::Writing the bif 
TRACE::2023-08-25.02:31:15::SCWPlatform::Started writing the spfm file 
TRACE::2023-08-25.02:31:15::SCWPlatform::Started writing the xpfm file 
TRACE::2023-08-25.02:31:15::SCWPlatform::Completed generating the platform
TRACE::2023-08-25.02:31:15::SCWMssOS::Saving the mss changes D:/Proiect_3/Block_Design/Block_Design_wrapper/microblaze_0/standalone_microblaze_0/bsp/system.mss
TRACE::2023-08-25.02:31:15::SCWMssOS::Found a swdesign opened with the mssfile.
TRACE::2023-08-25.02:31:15::SCWMssOS::Completed writemss as part of save.
TRACE::2023-08-25.02:31:15::SCWMssOS::Commit changes completed.
TRACE::2023-08-25.02:31:15::SCWPlatform::Trying to open the hw design at D:/Proiect_3/Block_Design/Block_Design_wrapper/hw/Block_Design_wrapper.xsa
TRACE::2023-08-25.02:31:15::SCWPlatform::DSA given D:/Proiect_3/Block_Design/Block_Design_wrapper/hw/Block_Design_wrapper.xsa
TRACE::2023-08-25.02:31:15::SCWPlatform::DSA absoulate path D:/Proiect_3/Block_Design/Block_Design_wrapper/hw/Block_Design_wrapper.xsa
TRACE::2023-08-25.02:31:15::SCWPlatform::DSA directory D:/Proiect_3/Block_Design/Block_Design_wrapper/hw
TRACE::2023-08-25.02:31:15::SCWPlatform:: Platform Path D:/Proiect_3/Block_Design/Block_Design_wrapper/hw/Block_Design_wrapper.xsa
TRACE::2023-08-25.02:31:15::SCWPlatform:: Unique name xilinx:pynq-z2::0.0
TRACE::2023-08-25.02:31:15::SCWPlatform::Trying to set the existing hwdb with name Block_Design_wrapper_1
TRACE::2023-08-25.02:31:15::SCWPlatform::Opened existing hwdb Block_Design_wrapper_1
TRACE::2023-08-25.02:31:15::SCWPlatform::Found the Hw Db part of the input DSA
TRACE::2023-08-25.02:31:15::SCWMssOS::Checking the sw design at  D:/Proiect_3/Block_Design/Block_Design_wrapper/microblaze_0/standalone_microblaze_0/bsp/system.mss
TRACE::2023-08-25.02:31:15::SCWMssOS::DEBUG:  swdes dump  D:/Proiect_3/Block_Design/Block_Design_wrapper/microblaze_0/standalone_microblaze_0/bsp/system.mss|system||

TRACE::2023-08-25.02:31:15::SCWMssOS::Sw design exists and opened at  D:/Proiect_3/Block_Design/Block_Design_wrapper/microblaze_0/standalone_microblaze_0/bsp/system.mss
TRACE::2023-08-25.02:31:15::SCWPlatform::Trying to open the hw design at D:/Proiect_3/Block_Design/Block_Design_wrapper/hw/Block_Design_wrapper.xsa
TRACE::2023-08-25.02:31:15::SCWPlatform::DSA given D:/Proiect_3/Block_Design/Block_Design_wrapper/hw/Block_Design_wrapper.xsa
TRACE::2023-08-25.02:31:15::SCWPlatform::DSA absoulate path D:/Proiect_3/Block_Design/Block_Design_wrapper/hw/Block_Design_wrapper.xsa
TRACE::2023-08-25.02:31:15::SCWPlatform::DSA directory D:/Proiect_3/Block_Design/Block_Design_wrapper/hw
TRACE::2023-08-25.02:31:15::SCWPlatform:: Platform Path D:/Proiect_3/Block_Design/Block_Design_wrapper/hw/Block_Design_wrapper.xsa
TRACE::2023-08-25.02:31:15::SCWPlatform:: Unique name xilinx:pynq-z2::0.0
TRACE::2023-08-25.02:31:15::SCWPlatform::Trying to set the existing hwdb with name Block_Design_wrapper_1
TRACE::2023-08-25.02:31:15::SCWPlatform::Opened existing hwdb Block_Design_wrapper_1
TRACE::2023-08-25.02:31:15::SCWPlatform::Found the Hw Db part of the input DSA
TRACE::2023-08-25.02:31:15::SCWMssOS::Checking the sw design at  D:/Proiect_3/Block_Design/Block_Design_wrapper/microblaze_0/standalone_microblaze_0/bsp/system.mss
TRACE::2023-08-25.02:31:15::SCWMssOS::DEBUG:  swdes dump  D:/Proiect_3/Block_Design/Block_Design_wrapper/microblaze_0/standalone_microblaze_0/bsp/system.mss|system||

TRACE::2023-08-25.02:31:15::SCWMssOS::Sw design exists and opened at  D:/Proiect_3/Block_Design/Block_Design_wrapper/microblaze_0/standalone_microblaze_0/bsp/system.mss
TRACE::2023-08-25.02:31:15::SCWPlatform::Trying to open the hw design at D:/Proiect_3/Block_Design/Block_Design_wrapper/hw/Block_Design_wrapper.xsa
TRACE::2023-08-25.02:31:15::SCWPlatform::DSA given D:/Proiect_3/Block_Design/Block_Design_wrapper/hw/Block_Design_wrapper.xsa
TRACE::2023-08-25.02:31:15::SCWPlatform::DSA absoulate path D:/Proiect_3/Block_Design/Block_Design_wrapper/hw/Block_Design_wrapper.xsa
TRACE::2023-08-25.02:31:15::SCWPlatform::DSA directory D:/Proiect_3/Block_Design/Block_Design_wrapper/hw
TRACE::2023-08-25.02:31:15::SCWPlatform:: Platform Path D:/Proiect_3/Block_Design/Block_Design_wrapper/hw/Block_Design_wrapper.xsa
TRACE::2023-08-25.02:31:15::SCWPlatform:: Unique name xilinx:pynq-z2::0.0
TRACE::2023-08-25.02:31:15::SCWPlatform::Trying to set the existing hwdb with name Block_Design_wrapper_1
TRACE::2023-08-25.02:31:15::SCWPlatform::Opened existing hwdb Block_Design_wrapper_1
TRACE::2023-08-25.02:31:15::SCWPlatform::Found the Hw Db part of the input DSA
TRACE::2023-08-25.02:31:15::SCWMssOS::Checking the sw design at  D:/Proiect_3/Block_Design/Block_Design_wrapper/microblaze_0/standalone_microblaze_0/bsp/system.mss
TRACE::2023-08-25.02:31:15::SCWMssOS::DEBUG:  swdes dump  D:/Proiect_3/Block_Design/Block_Design_wrapper/microblaze_0/standalone_microblaze_0/bsp/system.mss|system||

TRACE::2023-08-25.02:31:15::SCWMssOS::Sw design exists and opened at  D:/Proiect_3/Block_Design/Block_Design_wrapper/microblaze_0/standalone_microblaze_0/bsp/system.mss
TRACE::2023-08-25.02:31:15::SCWWriter::formatted JSON is {
	"platformName":	"Block_Design_wrapper",
	"sprVersion":	"2.0",
	"mode":	"gui",
	"dsaType":	"Fixed",
	"platformDesc":	"Block_Design_wrapper",
	"platHandOff":	"<platformDir>.xsa",
	"platIntHandOff":	"<platformDir>/hw/Block_Design_wrapper.xsa",
	"deviceType":	"FPGA",
	"platIsPrebuiltAutogen":	"false",
	"platIsNoBootBsp":	"false",
	"hasFsblMakeHasChanges":	"false",
	"hasPmufwMakeHasChanges":	"false",
	"platPreBuiltFlag":	false,
	"platformSamplesDir":	"",
	"platActiveSys":	"Block_Design_wrapper",
	"systems":	[{
			"systemName":	"Block_Design_wrapper",
			"systemDesc":	"Block_Design_wrapper",
			"sysIsBootAutoGen":	"true",
			"systemDispName":	"Block_Design_wrapper",
			"sysActiveDom":	"standalone_microblaze_0",
			"sysDefaultDom":	"standalone_microblaze_0",
			"domains":	[{
					"domainName":	"standalone_microblaze_0",
					"domainDispName":	"standalone_microblaze_0",
					"domainDesc":	"standalone_microblaze_0",
					"processors":	"microblaze_0",
					"os":	"standalone",
					"sdxOs":	"standalone",
					"debugEnable":	"False",
					"domRuntimes":	["cpp"],
					"swRepo":	"",
					"mssOsVer":	"8.1",
					"mssFile":	"",
					"md5Digest":	"4762220957e6fbb888f0f060715a1359",
					"compatibleApp":	"hello_world",
					"domType":	"mssDomain",
					"arch":	"32-bit",
					"appSettings":	{
						"appCompilerFlags":	"",
						"appLinkerFlags":	""
					},
					"addedLibs":	[],
					"libOptions":	{
						"libsContainingOptions":	[]
					},
					"prebuiltLibs":	{
						"prebuiltIncPath":	[],
						"prebuiltLibPath":	[]
					},
					"isolation":	{
					}
				}]
		}]
}
KEYINFO::2023-08-25.02:31:15::SCWPlatform::updated the xpfm file.
TRACE::2023-08-25.02:31:15::SCWPlatform::Trying to open the hw design at D:/Proiect_3/Block_Design/Block_Design_wrapper/hw/Block_Design_wrapper.xsa
TRACE::2023-08-25.02:31:15::SCWPlatform::DSA given D:/Proiect_3/Block_Design/Block_Design_wrapper/hw/Block_Design_wrapper.xsa
TRACE::2023-08-25.02:31:15::SCWPlatform::DSA absoulate path D:/Proiect_3/Block_Design/Block_Design_wrapper/hw/Block_Design_wrapper.xsa
TRACE::2023-08-25.02:31:15::SCWPlatform::DSA directory D:/Proiect_3/Block_Design/Block_Design_wrapper/hw
TRACE::2023-08-25.02:31:15::SCWPlatform:: Platform Path D:/Proiect_3/Block_Design/Block_Design_wrapper/hw/Block_Design_wrapper.xsa
TRACE::2023-08-25.02:31:15::SCWPlatform:: Unique name xilinx:pynq-z2::0.0
TRACE::2023-08-25.02:31:15::SCWPlatform::Trying to set the existing hwdb with name Block_Design_wrapper_1
TRACE::2023-08-25.02:31:15::SCWPlatform::Opened existing hwdb Block_Design_wrapper_1
TRACE::2023-08-25.02:31:15::SCWPlatform::Found the Hw Db part of the input DSA
TRACE::2023-08-25.02:31:15::SCWMssOS::Checking the sw design at  D:/Proiect_3/Block_Design/Block_Design_wrapper/microblaze_0/standalone_microblaze_0/bsp/system.mss
TRACE::2023-08-25.02:31:15::SCWMssOS::DEBUG:  swdes dump  D:/Proiect_3/Block_Design/Block_Design_wrapper/microblaze_0/standalone_microblaze_0/bsp/system.mss|system||

TRACE::2023-08-25.02:31:15::SCWMssOS::Sw design exists and opened at  D:/Proiect_3/Block_Design/Block_Design_wrapper/microblaze_0/standalone_microblaze_0/bsp/system.mss
TRACE::2023-08-25.02:31:15::SCWMssOS::Saving the mss changes D:/Proiect_3/Block_Design/Block_Design_wrapper/microblaze_0/standalone_microblaze_0/bsp/system.mss
TRACE::2023-08-25.02:31:15::SCWMssOS::Found a swdesign opened with the mssfile.
TRACE::2023-08-25.02:31:15::SCWMssOS::Completed writemss as part of save.
TRACE::2023-08-25.02:31:15::SCWMssOS::Commit changes completed.
TRACE::2023-08-25.02:31:15::SCWPlatform::Trying to open the hw design at D:/Proiect_3/Block_Design/Block_Design_wrapper/hw/Block_Design_wrapper.xsa
TRACE::2023-08-25.02:31:15::SCWPlatform::DSA given D:/Proiect_3/Block_Design/Block_Design_wrapper/hw/Block_Design_wrapper.xsa
TRACE::2023-08-25.02:31:15::SCWPlatform::DSA absoulate path D:/Proiect_3/Block_Design/Block_Design_wrapper/hw/Block_Design_wrapper.xsa
TRACE::2023-08-25.02:31:15::SCWPlatform::DSA directory D:/Proiect_3/Block_Design/Block_Design_wrapper/hw
TRACE::2023-08-25.02:31:15::SCWPlatform:: Platform Path D:/Proiect_3/Block_Design/Block_Design_wrapper/hw/Block_Design_wrapper.xsa
TRACE::2023-08-25.02:31:15::SCWPlatform:: Unique name xilinx:pynq-z2::0.0
TRACE::2023-08-25.02:31:15::SCWPlatform::Trying to set the existing hwdb with name Block_Design_wrapper_1
TRACE::2023-08-25.02:31:15::SCWPlatform::Opened existing hwdb Block_Design_wrapper_1
TRACE::2023-08-25.02:31:15::SCWPlatform::Found the Hw Db part of the input DSA
TRACE::2023-08-25.02:31:15::SCWMssOS::Checking the sw design at  D:/Proiect_3/Block_Design/Block_Design_wrapper/microblaze_0/standalone_microblaze_0/bsp/system.mss
TRACE::2023-08-25.02:31:15::SCWMssOS::DEBUG:  swdes dump  D:/Proiect_3/Block_Design/Block_Design_wrapper/microblaze_0/standalone_microblaze_0/bsp/system.mss|system||

TRACE::2023-08-25.02:31:15::SCWMssOS::Sw design exists and opened at  D:/Proiect_3/Block_Design/Block_Design_wrapper/microblaze_0/standalone_microblaze_0/bsp/system.mss
TRACE::2023-08-25.02:31:15::SCWPlatform::Trying to open the hw design at D:/Proiect_3/Block_Design/Block_Design_wrapper/hw/Block_Design_wrapper.xsa
TRACE::2023-08-25.02:31:15::SCWPlatform::DSA given D:/Proiect_3/Block_Design/Block_Design_wrapper/hw/Block_Design_wrapper.xsa
TRACE::2023-08-25.02:31:15::SCWPlatform::DSA absoulate path D:/Proiect_3/Block_Design/Block_Design_wrapper/hw/Block_Design_wrapper.xsa
TRACE::2023-08-25.02:31:15::SCWPlatform::DSA directory D:/Proiect_3/Block_Design/Block_Design_wrapper/hw
TRACE::2023-08-25.02:31:15::SCWPlatform:: Platform Path D:/Proiect_3/Block_Design/Block_Design_wrapper/hw/Block_Design_wrapper.xsa
TRACE::2023-08-25.02:31:15::SCWPlatform:: Unique name xilinx:pynq-z2::0.0
TRACE::2023-08-25.02:31:15::SCWPlatform::Trying to set the existing hwdb with name Block_Design_wrapper_1
TRACE::2023-08-25.02:31:15::SCWPlatform::Opened existing hwdb Block_Design_wrapper_1
TRACE::2023-08-25.02:31:15::SCWPlatform::Found the Hw Db part of the input DSA
TRACE::2023-08-25.02:31:15::SCWMssOS::Checking the sw design at  D:/Proiect_3/Block_Design/Block_Design_wrapper/microblaze_0/standalone_microblaze_0/bsp/system.mss
TRACE::2023-08-25.02:31:15::SCWMssOS::DEBUG:  swdes dump  D:/Proiect_3/Block_Design/Block_Design_wrapper/microblaze_0/standalone_microblaze_0/bsp/system.mss|system||

TRACE::2023-08-25.02:31:15::SCWMssOS::Sw design exists and opened at  D:/Proiect_3/Block_Design/Block_Design_wrapper/microblaze_0/standalone_microblaze_0/bsp/system.mss
TRACE::2023-08-25.02:31:15::SCWPlatform::Trying to open the hw design at D:/Proiect_3/Block_Design/Block_Design_wrapper/hw/Block_Design_wrapper.xsa
TRACE::2023-08-25.02:31:15::SCWPlatform::DSA given D:/Proiect_3/Block_Design/Block_Design_wrapper/hw/Block_Design_wrapper.xsa
TRACE::2023-08-25.02:31:15::SCWPlatform::DSA absoulate path D:/Proiect_3/Block_Design/Block_Design_wrapper/hw/Block_Design_wrapper.xsa
TRACE::2023-08-25.02:31:15::SCWPlatform::DSA directory D:/Proiect_3/Block_Design/Block_Design_wrapper/hw
TRACE::2023-08-25.02:31:15::SCWPlatform:: Platform Path D:/Proiect_3/Block_Design/Block_Design_wrapper/hw/Block_Design_wrapper.xsa
TRACE::2023-08-25.02:31:15::SCWPlatform:: Unique name xilinx:pynq-z2::0.0
TRACE::2023-08-25.02:31:15::SCWPlatform::Trying to set the existing hwdb with name Block_Design_wrapper_1
TRACE::2023-08-25.02:31:15::SCWPlatform::Opened existing hwdb Block_Design_wrapper_1
TRACE::2023-08-25.02:31:15::SCWPlatform::Found the Hw Db part of the input DSA
TRACE::2023-08-25.02:31:15::SCWMssOS::Checking the sw design at  D:/Proiect_3/Block_Design/Block_Design_wrapper/microblaze_0/standalone_microblaze_0/bsp/system.mss
TRACE::2023-08-25.02:31:15::SCWMssOS::DEBUG:  swdes dump  D:/Proiect_3/Block_Design/Block_Design_wrapper/microblaze_0/standalone_microblaze_0/bsp/system.mss|system||

TRACE::2023-08-25.02:31:15::SCWMssOS::Sw design exists and opened at  D:/Proiect_3/Block_Design/Block_Design_wrapper/microblaze_0/standalone_microblaze_0/bsp/system.mss
TRACE::2023-08-25.02:31:15::SCWWriter::formatted JSON is {
	"platformName":	"Block_Design_wrapper",
	"sprVersion":	"2.0",
	"mode":	"gui",
	"dsaType":	"Fixed",
	"platformDesc":	"Block_Design_wrapper",
	"platHandOff":	"<platformDir>.xsa",
	"platIntHandOff":	"<platformDir>/hw/Block_Design_wrapper.xsa",
	"deviceType":	"FPGA",
	"platIsPrebuiltAutogen":	"false",
	"platIsNoBootBsp":	"false",
	"hasFsblMakeHasChanges":	"false",
	"hasPmufwMakeHasChanges":	"false",
	"platPreBuiltFlag":	false,
	"platformSamplesDir":	"",
	"platActiveSys":	"Block_Design_wrapper",
	"systems":	[{
			"systemName":	"Block_Design_wrapper",
			"systemDesc":	"Block_Design_wrapper",
			"sysIsBootAutoGen":	"true",
			"systemDispName":	"Block_Design_wrapper",
			"sysActiveDom":	"standalone_microblaze_0",
			"sysDefaultDom":	"standalone_microblaze_0",
			"domains":	[{
					"domainName":	"standalone_microblaze_0",
					"domainDispName":	"standalone_microblaze_0",
					"domainDesc":	"standalone_microblaze_0",
					"processors":	"microblaze_0",
					"os":	"standalone",
					"sdxOs":	"standalone",
					"debugEnable":	"False",
					"domRuntimes":	["cpp"],
					"swRepo":	"",
					"mssOsVer":	"8.1",
					"mssFile":	"",
					"md5Digest":	"4762220957e6fbb888f0f060715a1359",
					"compatibleApp":	"hello_world",
					"domType":	"mssDomain",
					"arch":	"32-bit",
					"appSettings":	{
						"appCompilerFlags":	"",
						"appLinkerFlags":	""
					},
					"addedLibs":	[],
					"libOptions":	{
						"libsContainingOptions":	[]
					},
					"prebuiltLibs":	{
						"prebuiltIncPath":	[],
						"prebuiltLibPath":	[]
					},
					"isolation":	{
					}
				}]
		}]
}
TRACE::2023-08-25.02:31:15::SCWPlatform::Trying to open the hw design at D:/Proiect_3/Block_Design/Block_Design_wrapper/hw/Block_Design_wrapper.xsa
TRACE::2023-08-25.02:31:15::SCWPlatform::DSA given D:/Proiect_3/Block_Design/Block_Design_wrapper/hw/Block_Design_wrapper.xsa
TRACE::2023-08-25.02:31:15::SCWPlatform::DSA absoulate path D:/Proiect_3/Block_Design/Block_Design_wrapper/hw/Block_Design_wrapper.xsa
TRACE::2023-08-25.02:31:15::SCWPlatform::DSA directory D:/Proiect_3/Block_Design/Block_Design_wrapper/hw
TRACE::2023-08-25.02:31:15::SCWPlatform:: Platform Path D:/Proiect_3/Block_Design/Block_Design_wrapper/hw/Block_Design_wrapper.xsa
TRACE::2023-08-25.02:31:15::SCWPlatform:: Unique name xilinx:pynq-z2::0.0
TRACE::2023-08-25.02:31:15::SCWPlatform::Trying to set the existing hwdb with name Block_Design_wrapper_1
TRACE::2023-08-25.02:31:15::SCWPlatform::Opened existing hwdb Block_Design_wrapper_1
TRACE::2023-08-25.02:31:15::SCWPlatform::Found the Hw Db part of the input DSA
TRACE::2023-08-25.02:31:15::SCWMssOS::Checking the sw design at  D:/Proiect_3/Block_Design/Block_Design_wrapper/microblaze_0/standalone_microblaze_0/bsp/system.mss
TRACE::2023-08-25.02:31:15::SCWMssOS::DEBUG:  swdes dump  D:/Proiect_3/Block_Design/Block_Design_wrapper/microblaze_0/standalone_microblaze_0/bsp/system.mss|system||

TRACE::2023-08-25.02:31:15::SCWMssOS::Sw design exists and opened at  D:/Proiect_3/Block_Design/Block_Design_wrapper/microblaze_0/standalone_microblaze_0/bsp/system.mss
TRACE::2023-08-25.02:31:15::SCWPlatform::Trying to open the hw design at D:/Proiect_3/Block_Design/Block_Design_wrapper/hw/Block_Design_wrapper.xsa
TRACE::2023-08-25.02:31:15::SCWPlatform::DSA given D:/Proiect_3/Block_Design/Block_Design_wrapper/hw/Block_Design_wrapper.xsa
TRACE::2023-08-25.02:31:15::SCWPlatform::DSA absoulate path D:/Proiect_3/Block_Design/Block_Design_wrapper/hw/Block_Design_wrapper.xsa
TRACE::2023-08-25.02:31:15::SCWPlatform::DSA directory D:/Proiect_3/Block_Design/Block_Design_wrapper/hw
TRACE::2023-08-25.02:31:15::SCWPlatform:: Platform Path D:/Proiect_3/Block_Design/Block_Design_wrapper/hw/Block_Design_wrapper.xsa
TRACE::2023-08-25.02:31:15::SCWPlatform:: Unique name xilinx:pynq-z2::0.0
TRACE::2023-08-25.02:31:15::SCWPlatform::Trying to set the existing hwdb with name Block_Design_wrapper_1
TRACE::2023-08-25.02:31:15::SCWPlatform::Opened existing hwdb Block_Design_wrapper_1
TRACE::2023-08-25.02:31:15::SCWPlatform::Found the Hw Db part of the input DSA
TRACE::2023-08-25.02:31:15::SCWMssOS::Checking the sw design at  D:/Proiect_3/Block_Design/Block_Design_wrapper/microblaze_0/standalone_microblaze_0/bsp/system.mss
TRACE::2023-08-25.02:31:15::SCWMssOS::DEBUG:  swdes dump  D:/Proiect_3/Block_Design/Block_Design_wrapper/microblaze_0/standalone_microblaze_0/bsp/system.mss|system||

TRACE::2023-08-25.02:31:15::SCWMssOS::Sw design exists and opened at  D:/Proiect_3/Block_Design/Block_Design_wrapper/microblaze_0/standalone_microblaze_0/bsp/system.mss
TRACE::2023-08-25.02:31:15::SCWMssOS::Saving the mss changes D:/Proiect_3/Block_Design/Block_Design_wrapper/microblaze_0/standalone_microblaze_0/bsp/system.mss
TRACE::2023-08-25.02:31:15::SCWMssOS::Found a swdesign opened with the mssfile.
TRACE::2023-08-25.02:31:15::SCWMssOS::Completed writemss as part of save.
TRACE::2023-08-25.02:31:15::SCWMssOS::Commit changes completed.
TRACE::2023-08-25.02:31:15::SCWPlatform::Trying to open the hw design at D:/Proiect_3/Block_Design/Block_Design_wrapper/hw/Block_Design_wrapper.xsa
TRACE::2023-08-25.02:31:15::SCWPlatform::DSA given D:/Proiect_3/Block_Design/Block_Design_wrapper/hw/Block_Design_wrapper.xsa
TRACE::2023-08-25.02:31:15::SCWPlatform::DSA absoulate path D:/Proiect_3/Block_Design/Block_Design_wrapper/hw/Block_Design_wrapper.xsa
TRACE::2023-08-25.02:31:15::SCWPlatform::DSA directory D:/Proiect_3/Block_Design/Block_Design_wrapper/hw
TRACE::2023-08-25.02:31:15::SCWPlatform:: Platform Path D:/Proiect_3/Block_Design/Block_Design_wrapper/hw/Block_Design_wrapper.xsa
TRACE::2023-08-25.02:31:15::SCWPlatform:: Unique name xilinx:pynq-z2::0.0
TRACE::2023-08-25.02:31:15::SCWPlatform::Trying to set the existing hwdb with name Block_Design_wrapper_1
TRACE::2023-08-25.02:31:15::SCWPlatform::Opened existing hwdb Block_Design_wrapper_1
TRACE::2023-08-25.02:31:15::SCWPlatform::Found the Hw Db part of the input DSA
TRACE::2023-08-25.02:31:15::SCWMssOS::Checking the sw design at  D:/Proiect_3/Block_Design/Block_Design_wrapper/microblaze_0/standalone_microblaze_0/bsp/system.mss
TRACE::2023-08-25.02:31:15::SCWMssOS::DEBUG:  swdes dump  D:/Proiect_3/Block_Design/Block_Design_wrapper/microblaze_0/standalone_microblaze_0/bsp/system.mss|system||

TRACE::2023-08-25.02:31:15::SCWMssOS::Sw design exists and opened at  D:/Proiect_3/Block_Design/Block_Design_wrapper/microblaze_0/standalone_microblaze_0/bsp/system.mss
TRACE::2023-08-25.02:31:15::SCWPlatform::Trying to open the hw design at D:/Proiect_3/Block_Design/Block_Design_wrapper/hw/Block_Design_wrapper.xsa
TRACE::2023-08-25.02:31:15::SCWPlatform::DSA given D:/Proiect_3/Block_Design/Block_Design_wrapper/hw/Block_Design_wrapper.xsa
TRACE::2023-08-25.02:31:15::SCWPlatform::DSA absoulate path D:/Proiect_3/Block_Design/Block_Design_wrapper/hw/Block_Design_wrapper.xsa
TRACE::2023-08-25.02:31:15::SCWPlatform::DSA directory D:/Proiect_3/Block_Design/Block_Design_wrapper/hw
TRACE::2023-08-25.02:31:15::SCWPlatform:: Platform Path D:/Proiect_3/Block_Design/Block_Design_wrapper/hw/Block_Design_wrapper.xsa
TRACE::2023-08-25.02:31:15::SCWPlatform:: Unique name xilinx:pynq-z2::0.0
TRACE::2023-08-25.02:31:15::SCWPlatform::Trying to set the existing hwdb with name Block_Design_wrapper_1
TRACE::2023-08-25.02:31:15::SCWPlatform::Opened existing hwdb Block_Design_wrapper_1
TRACE::2023-08-25.02:31:15::SCWPlatform::Found the Hw Db part of the input DSA
TRACE::2023-08-25.02:31:15::SCWMssOS::Checking the sw design at  D:/Proiect_3/Block_Design/Block_Design_wrapper/microblaze_0/standalone_microblaze_0/bsp/system.mss
TRACE::2023-08-25.02:31:15::SCWMssOS::DEBUG:  swdes dump  D:/Proiect_3/Block_Design/Block_Design_wrapper/microblaze_0/standalone_microblaze_0/bsp/system.mss|system||

TRACE::2023-08-25.02:31:15::SCWMssOS::Sw design exists and opened at  D:/Proiect_3/Block_Design/Block_Design_wrapper/microblaze_0/standalone_microblaze_0/bsp/system.mss
TRACE::2023-08-25.02:31:15::SCWPlatform::Trying to open the hw design at D:/Proiect_3/Block_Design/Block_Design_wrapper/hw/Block_Design_wrapper.xsa
TRACE::2023-08-25.02:31:15::SCWPlatform::DSA given D:/Proiect_3/Block_Design/Block_Design_wrapper/hw/Block_Design_wrapper.xsa
TRACE::2023-08-25.02:31:15::SCWPlatform::DSA absoulate path D:/Proiect_3/Block_Design/Block_Design_wrapper/hw/Block_Design_wrapper.xsa
TRACE::2023-08-25.02:31:15::SCWPlatform::DSA directory D:/Proiect_3/Block_Design/Block_Design_wrapper/hw
TRACE::2023-08-25.02:31:15::SCWPlatform:: Platform Path D:/Proiect_3/Block_Design/Block_Design_wrapper/hw/Block_Design_wrapper.xsa
TRACE::2023-08-25.02:31:15::SCWPlatform:: Unique name xilinx:pynq-z2::0.0
TRACE::2023-08-25.02:31:15::SCWPlatform::Trying to set the existing hwdb with name Block_Design_wrapper_1
TRACE::2023-08-25.02:31:15::SCWPlatform::Opened existing hwdb Block_Design_wrapper_1
TRACE::2023-08-25.02:31:15::SCWPlatform::Found the Hw Db part of the input DSA
TRACE::2023-08-25.02:31:15::SCWMssOS::Checking the sw design at  D:/Proiect_3/Block_Design/Block_Design_wrapper/microblaze_0/standalone_microblaze_0/bsp/system.mss
TRACE::2023-08-25.02:31:15::SCWMssOS::DEBUG:  swdes dump  D:/Proiect_3/Block_Design/Block_Design_wrapper/microblaze_0/standalone_microblaze_0/bsp/system.mss|system||

TRACE::2023-08-25.02:31:15::SCWMssOS::Sw design exists and opened at  D:/Proiect_3/Block_Design/Block_Design_wrapper/microblaze_0/standalone_microblaze_0/bsp/system.mss
TRACE::2023-08-25.02:31:15::SCWWriter::formatted JSON is {
	"platformName":	"Block_Design_wrapper",
	"sprVersion":	"2.0",
	"mode":	"gui",
	"dsaType":	"Fixed",
	"platformDesc":	"Block_Design_wrapper",
	"platHandOff":	"<platformDir>.xsa",
	"platIntHandOff":	"<platformDir>/hw/Block_Design_wrapper.xsa",
	"deviceType":	"FPGA",
	"platIsPrebuiltAutogen":	"false",
	"platIsNoBootBsp":	"false",
	"hasFsblMakeHasChanges":	"false",
	"hasPmufwMakeHasChanges":	"false",
	"platPreBuiltFlag":	false,
	"platformSamplesDir":	"",
	"platActiveSys":	"Block_Design_wrapper",
	"systems":	[{
			"systemName":	"Block_Design_wrapper",
			"systemDesc":	"Block_Design_wrapper",
			"sysIsBootAutoGen":	"true",
			"systemDispName":	"Block_Design_wrapper",
			"sysActiveDom":	"standalone_microblaze_0",
			"sysDefaultDom":	"standalone_microblaze_0",
			"domains":	[{
					"domainName":	"standalone_microblaze_0",
					"domainDispName":	"standalone_microblaze_0",
					"domainDesc":	"standalone_microblaze_0",
					"processors":	"microblaze_0",
					"os":	"standalone",
					"sdxOs":	"standalone",
					"debugEnable":	"False",
					"domRuntimes":	["cpp"],
					"swRepo":	"",
					"mssOsVer":	"8.1",
					"mssFile":	"",
					"md5Digest":	"4762220957e6fbb888f0f060715a1359",
					"compatibleApp":	"hello_world",
					"domType":	"mssDomain",
					"arch":	"32-bit",
					"appSettings":	{
						"appCompilerFlags":	"",
						"appLinkerFlags":	""
					},
					"addedLibs":	[],
					"libOptions":	{
						"libsContainingOptions":	[]
					},
					"prebuiltLibs":	{
						"prebuiltIncPath":	[],
						"prebuiltLibPath":	[]
					},
					"isolation":	{
					}
				}]
		}]
}
LOG::2023-08-25.02:31:15::SCWPlatform::Started generating the artifacts platform Block_Design_wrapper
TRACE::2023-08-25.02:31:15::SCWPlatform::Sanity checking of platform is completed
LOG::2023-08-25.02:31:15::SCWPlatform::Started generating the artifacts for system configuration Block_Design_wrapper
LOG::2023-08-25.02:31:15::SCWSystem::Started Processing the domain standalone_microblaze_0
TRACE::2023-08-25.02:31:15::SCWDomain::Generating domain artifcats
TRACE::2023-08-25.02:31:15::SCWMssOS::Generating standalone artifcats
TRACE::2023-08-25.02:31:15::SCWMssOS:: Copying the user libraries. 
TRACE::2023-08-25.02:31:15::SCWPlatform::Trying to open the hw design at D:/Proiect_3/Block_Design/Block_Design_wrapper/hw/Block_Design_wrapper.xsa
TRACE::2023-08-25.02:31:15::SCWPlatform::DSA given D:/Proiect_3/Block_Design/Block_Design_wrapper/hw/Block_Design_wrapper.xsa
TRACE::2023-08-25.02:31:15::SCWPlatform::DSA absoulate path D:/Proiect_3/Block_Design/Block_Design_wrapper/hw/Block_Design_wrapper.xsa
TRACE::2023-08-25.02:31:15::SCWPlatform::DSA directory D:/Proiect_3/Block_Design/Block_Design_wrapper/hw
TRACE::2023-08-25.02:31:15::SCWPlatform:: Platform Path D:/Proiect_3/Block_Design/Block_Design_wrapper/hw/Block_Design_wrapper.xsa
TRACE::2023-08-25.02:31:15::SCWPlatform:: Unique name xilinx:pynq-z2::0.0
TRACE::2023-08-25.02:31:15::SCWPlatform::Trying to set the existing hwdb with name Block_Design_wrapper_1
TRACE::2023-08-25.02:31:15::SCWPlatform::Opened existing hwdb Block_Design_wrapper_1
TRACE::2023-08-25.02:31:15::SCWPlatform::Found the Hw Db part of the input DSA
TRACE::2023-08-25.02:31:15::SCWMssOS::Checking the sw design at  D:/Proiect_3/Block_Design/Block_Design_wrapper/microblaze_0/standalone_microblaze_0/bsp/system.mss
TRACE::2023-08-25.02:31:15::SCWMssOS::DEBUG:  swdes dump  D:/Proiect_3/Block_Design/Block_Design_wrapper/microblaze_0/standalone_microblaze_0/bsp/system.mss|system||

TRACE::2023-08-25.02:31:15::SCWMssOS::Sw design exists and opened at  D:/Proiect_3/Block_Design/Block_Design_wrapper/microblaze_0/standalone_microblaze_0/bsp/system.mss
TRACE::2023-08-25.02:31:15::SCWMssOS::Completed writing the mss file at D:/Proiect_3/Block_Design/Block_Design_wrapper/microblaze_0/standalone_microblaze_0/bsp
TRACE::2023-08-25.02:31:15::SCWMssOS::Mss edits present, copying mssfile into export location D:/Proiect_3/Block_Design/Block_Design_wrapper/microblaze_0/standalone_microblaze_0/bsp/system.mss
TRACE::2023-08-25.02:31:15::SCWMssOS::bsp generated is upto date with the mss file. Skipping bsp generation.
TRACE::2023-08-25.02:31:15::SCWMssOS::BSP is already built. skipping the bsp build ... 
TRACE::2023-08-25.02:31:15::SCWDomain::Building the domain as part of full build :  standalone_microblaze_0
TRACE::2023-08-25.02:31:15::SCWMssOS::skipping the bsp build ... 
TRACE::2023-08-25.02:31:15::SCWMssOS::Copying to export directory.
TRACE::2023-08-25.02:31:15::SCWMssOS:: Checking if to create the Supporting Applications
TRACE::2023-08-25.02:31:15::SCWMssOS:: No Linux domain exists, trying to generate FSBL 
LOG::2023-08-25.02:31:15::SCWSystem::Completed Processing the domain standalone_microblaze_0
LOG::2023-08-25.02:31:15::SCWSystem::Completed Processing the sysconfig Block_Design_wrapper
LOG::2023-08-25.02:31:15::SCWPlatform::Completed generating the artifacts for system configuration Block_Design_wrapper
TRACE::2023-08-25.02:31:15::SCWPlatform::Started preparing the platform 
TRACE::2023-08-25.02:31:15::SCWSystem::Writing the bif file for system config Block_Design_wrapper
TRACE::2023-08-25.02:31:15::SCWSystem::dir created 
TRACE::2023-08-25.02:31:15::SCWSystem::Writing the bif 
TRACE::2023-08-25.02:31:15::SCWPlatform::Started writing the spfm file 
TRACE::2023-08-25.02:31:15::SCWPlatform::Started writing the xpfm file 
TRACE::2023-08-25.02:31:15::SCWPlatform::Completed generating the platform
TRACE::2023-08-25.02:31:15::SCWMssOS::Saving the mss changes D:/Proiect_3/Block_Design/Block_Design_wrapper/microblaze_0/standalone_microblaze_0/bsp/system.mss
TRACE::2023-08-25.02:31:15::SCWMssOS::Found a swdesign opened with the mssfile.
TRACE::2023-08-25.02:31:15::SCWMssOS::Completed writemss as part of save.
TRACE::2023-08-25.02:31:15::SCWMssOS::Commit changes completed.
TRACE::2023-08-25.02:31:15::SCWPlatform::Trying to open the hw design at D:/Proiect_3/Block_Design/Block_Design_wrapper/hw/Block_Design_wrapper.xsa
TRACE::2023-08-25.02:31:15::SCWPlatform::DSA given D:/Proiect_3/Block_Design/Block_Design_wrapper/hw/Block_Design_wrapper.xsa
TRACE::2023-08-25.02:31:15::SCWPlatform::DSA absoulate path D:/Proiect_3/Block_Design/Block_Design_wrapper/hw/Block_Design_wrapper.xsa
TRACE::2023-08-25.02:31:15::SCWPlatform::DSA directory D:/Proiect_3/Block_Design/Block_Design_wrapper/hw
TRACE::2023-08-25.02:31:15::SCWPlatform:: Platform Path D:/Proiect_3/Block_Design/Block_Design_wrapper/hw/Block_Design_wrapper.xsa
TRACE::2023-08-25.02:31:15::SCWPlatform:: Unique name xilinx:pynq-z2::0.0
TRACE::2023-08-25.02:31:15::SCWPlatform::Trying to set the existing hwdb with name Block_Design_wrapper_1
TRACE::2023-08-25.02:31:15::SCWPlatform::Opened existing hwdb Block_Design_wrapper_1
TRACE::2023-08-25.02:31:15::SCWPlatform::Found the Hw Db part of the input DSA
TRACE::2023-08-25.02:31:15::SCWMssOS::Checking the sw design at  D:/Proiect_3/Block_Design/Block_Design_wrapper/microblaze_0/standalone_microblaze_0/bsp/system.mss
TRACE::2023-08-25.02:31:15::SCWMssOS::DEBUG:  swdes dump  D:/Proiect_3/Block_Design/Block_Design_wrapper/microblaze_0/standalone_microblaze_0/bsp/system.mss|system||

TRACE::2023-08-25.02:31:15::SCWMssOS::Sw design exists and opened at  D:/Proiect_3/Block_Design/Block_Design_wrapper/microblaze_0/standalone_microblaze_0/bsp/system.mss
TRACE::2023-08-25.02:31:15::SCWPlatform::Trying to open the hw design at D:/Proiect_3/Block_Design/Block_Design_wrapper/hw/Block_Design_wrapper.xsa
TRACE::2023-08-25.02:31:15::SCWPlatform::DSA given D:/Proiect_3/Block_Design/Block_Design_wrapper/hw/Block_Design_wrapper.xsa
TRACE::2023-08-25.02:31:15::SCWPlatform::DSA absoulate path D:/Proiect_3/Block_Design/Block_Design_wrapper/hw/Block_Design_wrapper.xsa
TRACE::2023-08-25.02:31:15::SCWPlatform::DSA directory D:/Proiect_3/Block_Design/Block_Design_wrapper/hw
TRACE::2023-08-25.02:31:15::SCWPlatform:: Platform Path D:/Proiect_3/Block_Design/Block_Design_wrapper/hw/Block_Design_wrapper.xsa
TRACE::2023-08-25.02:31:15::SCWPlatform:: Unique name xilinx:pynq-z2::0.0
TRACE::2023-08-25.02:31:15::SCWPlatform::Trying to set the existing hwdb with name Block_Design_wrapper_1
TRACE::2023-08-25.02:31:15::SCWPlatform::Opened existing hwdb Block_Design_wrapper_1
TRACE::2023-08-25.02:31:15::SCWPlatform::Found the Hw Db part of the input DSA
TRACE::2023-08-25.02:31:15::SCWMssOS::Checking the sw design at  D:/Proiect_3/Block_Design/Block_Design_wrapper/microblaze_0/standalone_microblaze_0/bsp/system.mss
TRACE::2023-08-25.02:31:15::SCWMssOS::DEBUG:  swdes dump  D:/Proiect_3/Block_Design/Block_Design_wrapper/microblaze_0/standalone_microblaze_0/bsp/system.mss|system||

TRACE::2023-08-25.02:31:15::SCWMssOS::Sw design exists and opened at  D:/Proiect_3/Block_Design/Block_Design_wrapper/microblaze_0/standalone_microblaze_0/bsp/system.mss
TRACE::2023-08-25.02:31:15::SCWPlatform::Trying to open the hw design at D:/Proiect_3/Block_Design/Block_Design_wrapper/hw/Block_Design_wrapper.xsa
TRACE::2023-08-25.02:31:15::SCWPlatform::DSA given D:/Proiect_3/Block_Design/Block_Design_wrapper/hw/Block_Design_wrapper.xsa
TRACE::2023-08-25.02:31:15::SCWPlatform::DSA absoulate path D:/Proiect_3/Block_Design/Block_Design_wrapper/hw/Block_Design_wrapper.xsa
TRACE::2023-08-25.02:31:15::SCWPlatform::DSA directory D:/Proiect_3/Block_Design/Block_Design_wrapper/hw
TRACE::2023-08-25.02:31:15::SCWPlatform:: Platform Path D:/Proiect_3/Block_Design/Block_Design_wrapper/hw/Block_Design_wrapper.xsa
TRACE::2023-08-25.02:31:15::SCWPlatform:: Unique name xilinx:pynq-z2::0.0
TRACE::2023-08-25.02:31:15::SCWPlatform::Trying to set the existing hwdb with name Block_Design_wrapper_1
TRACE::2023-08-25.02:31:15::SCWPlatform::Opened existing hwdb Block_Design_wrapper_1
TRACE::2023-08-25.02:31:15::SCWPlatform::Found the Hw Db part of the input DSA
TRACE::2023-08-25.02:31:15::SCWMssOS::Checking the sw design at  D:/Proiect_3/Block_Design/Block_Design_wrapper/microblaze_0/standalone_microblaze_0/bsp/system.mss
TRACE::2023-08-25.02:31:15::SCWMssOS::DEBUG:  swdes dump  D:/Proiect_3/Block_Design/Block_Design_wrapper/microblaze_0/standalone_microblaze_0/bsp/system.mss|system||

TRACE::2023-08-25.02:31:15::SCWMssOS::Sw design exists and opened at  D:/Proiect_3/Block_Design/Block_Design_wrapper/microblaze_0/standalone_microblaze_0/bsp/system.mss
TRACE::2023-08-25.02:31:15::SCWWriter::formatted JSON is {
	"platformName":	"Block_Design_wrapper",
	"sprVersion":	"2.0",
	"mode":	"gui",
	"dsaType":	"Fixed",
	"platformDesc":	"Block_Design_wrapper",
	"platHandOff":	"<platformDir>.xsa",
	"platIntHandOff":	"<platformDir>/hw/Block_Design_wrapper.xsa",
	"deviceType":	"FPGA",
	"platIsPrebuiltAutogen":	"false",
	"platIsNoBootBsp":	"false",
	"hasFsblMakeHasChanges":	"false",
	"hasPmufwMakeHasChanges":	"false",
	"platPreBuiltFlag":	false,
	"platformSamplesDir":	"",
	"platActiveSys":	"Block_Design_wrapper",
	"systems":	[{
			"systemName":	"Block_Design_wrapper",
			"systemDesc":	"Block_Design_wrapper",
			"sysIsBootAutoGen":	"true",
			"systemDispName":	"Block_Design_wrapper",
			"sysActiveDom":	"standalone_microblaze_0",
			"sysDefaultDom":	"standalone_microblaze_0",
			"domains":	[{
					"domainName":	"standalone_microblaze_0",
					"domainDispName":	"standalone_microblaze_0",
					"domainDesc":	"standalone_microblaze_0",
					"processors":	"microblaze_0",
					"os":	"standalone",
					"sdxOs":	"standalone",
					"debugEnable":	"False",
					"domRuntimes":	["cpp"],
					"swRepo":	"",
					"mssOsVer":	"8.1",
					"mssFile":	"",
					"md5Digest":	"4762220957e6fbb888f0f060715a1359",
					"compatibleApp":	"hello_world",
					"domType":	"mssDomain",
					"arch":	"32-bit",
					"appSettings":	{
						"appCompilerFlags":	"",
						"appLinkerFlags":	""
					},
					"addedLibs":	[],
					"libOptions":	{
						"libsContainingOptions":	[]
					},
					"prebuiltLibs":	{
						"prebuiltIncPath":	[],
						"prebuiltLibPath":	[]
					},
					"isolation":	{
					}
				}]
		}]
}
KEYINFO::2023-08-25.02:31:15::SCWPlatform::updated the xpfm file.
TRACE::2023-08-25.02:33:00::SCWPlatform::Clearing the existing platform
TRACE::2023-08-25.02:33:00::SCWSystem::Clearing the existing sysconfig
TRACE::2023-08-25.02:33:00::SCWMssOS::Removing the swdes entry for  D:/Proiect_3/Block_Design/Block_Design_wrapper/microblaze_0/standalone_microblaze_0/bsp/system.mss
TRACE::2023-08-25.02:33:00::SCWSystem::Clearing the domains completed.
TRACE::2023-08-25.02:33:00::SCWPlatform::Clearing the opened hw db.
TRACE::2023-08-25.02:33:00::SCWPlatform::DSA given D:/Proiect_3/Block_Design/Block_Design_wrapper/hw/Block_Design_wrapper.xsa
TRACE::2023-08-25.02:33:00::SCWPlatform::DSA absoulate path D:/Proiect_3/Block_Design/Block_Design_wrapper/hw/Block_Design_wrapper.xsa
TRACE::2023-08-25.02:33:00::SCWPlatform:: Platform location is D:/Proiect_3/Block_Design/Block_Design_wrapper/hw
TRACE::2023-08-25.02:33:00::SCWPlatform:: Platform Path D:/Proiect_3/Block_Design/Block_Design_wrapper/hw/Block_Design_wrapper.xsa
TRACE::2023-08-25.02:33:00::SCWPlatform:: Unique name xilinx:pynq-z2::0.0
TRACE::2023-08-25.02:33:00::SCWPlatform::Removing the HwDB with name D:/Proiect_3/Block_Design/Block_Design_wrapper/hw/Block_Design_wrapper.xsa
TRACE::2023-08-25.02:33:00::SCWPlatform::Trying to open the hw design at D:/Proiect_3/Block_Design/Block_Design_wrapper/hw/Block_Design_wrapper.xsa
TRACE::2023-08-25.02:33:00::SCWPlatform::DSA given D:/Proiect_3/Block_Design/Block_Design_wrapper/hw/Block_Design_wrapper.xsa
TRACE::2023-08-25.02:33:00::SCWPlatform::DSA absoulate path D:/Proiect_3/Block_Design/Block_Design_wrapper/hw/Block_Design_wrapper.xsa
TRACE::2023-08-25.02:33:00::SCWPlatform::DSA directory D:/Proiect_3/Block_Design/Block_Design_wrapper/hw
TRACE::2023-08-25.02:33:00::SCWPlatform:: Platform Path D:/Proiect_3/Block_Design/Block_Design_wrapper/hw/Block_Design_wrapper.xsa
TRACE::2023-08-25.02:33:00::SCWPlatform:: Unique name xilinx:pynq-z2::0.0
TRACE::2023-08-25.02:33:00::SCWPlatform::Do not have an existing db opened. 
TRACE::2023-08-25.02:33:00::SCWPlatform::Opened new HwDB with name Block_Design_wrapper_3
TRACE::2023-08-25.02:33:00::SCWReader::Active system found as  Block_Design_wrapper
TRACE::2023-08-25.02:33:00::SCWReader::Handling sysconfig Block_Design_wrapper
TRACE::2023-08-25.02:33:00::SCWDomain::checking for install qemu data   : 
TRACE::2023-08-25.02:33:00::SCWPlatform::Trying to open the hw design at D:/Proiect_3/Block_Design/Block_Design_wrapper/hw/Block_Design_wrapper.xsa
TRACE::2023-08-25.02:33:00::SCWPlatform::DSA given D:/Proiect_3/Block_Design/Block_Design_wrapper/hw/Block_Design_wrapper.xsa
TRACE::2023-08-25.02:33:00::SCWPlatform::DSA absoulate path D:/Proiect_3/Block_Design/Block_Design_wrapper/hw/Block_Design_wrapper.xsa
TRACE::2023-08-25.02:33:00::SCWPlatform::DSA directory D:/Proiect_3/Block_Design/Block_Design_wrapper/hw
TRACE::2023-08-25.02:33:00::SCWPlatform:: Platform Path D:/Proiect_3/Block_Design/Block_Design_wrapper/hw/Block_Design_wrapper.xsa
TRACE::2023-08-25.02:33:00::SCWPlatform:: Unique name xilinx:pynq-z2::0.0
TRACE::2023-08-25.02:33:00::SCWPlatform::Trying to set the existing hwdb with name Block_Design_wrapper_3
TRACE::2023-08-25.02:33:00::SCWPlatform::Opened existing hwdb Block_Design_wrapper_3
TRACE::2023-08-25.02:33:00::SCWPlatform::Found the Hw Db part of the input DSA
TRACE::2023-08-25.02:33:00::SCWPlatform::Trying to open the hw design at D:/Proiect_3/Block_Design/Block_Design_wrapper/hw/Block_Design_wrapper.xsa
TRACE::2023-08-25.02:33:00::SCWPlatform::DSA given D:/Proiect_3/Block_Design/Block_Design_wrapper/hw/Block_Design_wrapper.xsa
TRACE::2023-08-25.02:33:00::SCWPlatform::DSA absoulate path D:/Proiect_3/Block_Design/Block_Design_wrapper/hw/Block_Design_wrapper.xsa
TRACE::2023-08-25.02:33:00::SCWPlatform::DSA directory D:/Proiect_3/Block_Design/Block_Design_wrapper/hw
TRACE::2023-08-25.02:33:00::SCWPlatform:: Platform Path D:/Proiect_3/Block_Design/Block_Design_wrapper/hw/Block_Design_wrapper.xsa
TRACE::2023-08-25.02:33:00::SCWPlatform:: Unique name xilinx:pynq-z2::0.0
TRACE::2023-08-25.02:33:00::SCWPlatform::Trying to set the existing hwdb with name Block_Design_wrapper_3
TRACE::2023-08-25.02:33:00::SCWPlatform::Opened existing hwdb Block_Design_wrapper_3
TRACE::2023-08-25.02:33:00::SCWPlatform::Found the Hw Db part of the input DSA
TRACE::2023-08-25.02:33:00::SCWPlatform::Trying to open the hw design at D:/Proiect_3/Block_Design/Block_Design_wrapper/hw/Block_Design_wrapper.xsa
TRACE::2023-08-25.02:33:00::SCWPlatform::DSA given D:/Proiect_3/Block_Design/Block_Design_wrapper/hw/Block_Design_wrapper.xsa
TRACE::2023-08-25.02:33:00::SCWPlatform::DSA absoulate path D:/Proiect_3/Block_Design/Block_Design_wrapper/hw/Block_Design_wrapper.xsa
TRACE::2023-08-25.02:33:00::SCWPlatform::DSA directory D:/Proiect_3/Block_Design/Block_Design_wrapper/hw
TRACE::2023-08-25.02:33:00::SCWPlatform:: Platform Path D:/Proiect_3/Block_Design/Block_Design_wrapper/hw/Block_Design_wrapper.xsa
TRACE::2023-08-25.02:33:00::SCWPlatform:: Unique name xilinx:pynq-z2::0.0
TRACE::2023-08-25.02:33:00::SCWPlatform::Trying to set the existing hwdb with name Block_Design_wrapper_3
TRACE::2023-08-25.02:33:00::SCWPlatform::Opened existing hwdb Block_Design_wrapper_3
TRACE::2023-08-25.02:33:00::SCWPlatform::Found the Hw Db part of the input DSA
TRACE::2023-08-25.02:33:00::SCWPlatform::Trying to open the hw design at D:/Proiect_3/Block_Design/Block_Design_wrapper/hw/Block_Design_wrapper.xsa
TRACE::2023-08-25.02:33:00::SCWPlatform::DSA given D:/Proiect_3/Block_Design/Block_Design_wrapper/hw/Block_Design_wrapper.xsa
TRACE::2023-08-25.02:33:00::SCWPlatform::DSA absoulate path D:/Proiect_3/Block_Design/Block_Design_wrapper/hw/Block_Design_wrapper.xsa
TRACE::2023-08-25.02:33:00::SCWPlatform::DSA directory D:/Proiect_3/Block_Design/Block_Design_wrapper/hw
TRACE::2023-08-25.02:33:00::SCWPlatform:: Platform Path D:/Proiect_3/Block_Design/Block_Design_wrapper/hw/Block_Design_wrapper.xsa
TRACE::2023-08-25.02:33:00::SCWPlatform:: Unique name xilinx:pynq-z2::0.0
TRACE::2023-08-25.02:33:00::SCWPlatform::Trying to set the existing hwdb with name Block_Design_wrapper_3
TRACE::2023-08-25.02:33:00::SCWPlatform::Opened existing hwdb Block_Design_wrapper_3
TRACE::2023-08-25.02:33:00::SCWPlatform::Found the Hw Db part of the input DSA
TRACE::2023-08-25.02:33:00::SCWMssOS::Checking the sw design at  D:/Proiect_3/Block_Design/Block_Design_wrapper/microblaze_0/standalone_microblaze_0/bsp/system.mss
TRACE::2023-08-25.02:33:00::SCWMssOS::DEBUG:  swdes dump  
TRACE::2023-08-25.02:33:00::SCWMssOS::No sw design opened at  D:/Proiect_3/Block_Design/Block_Design_wrapper/microblaze_0/standalone_microblaze_0/bsp/system.mss
TRACE::2023-08-25.02:33:00::SCWMssOS::mss exists loading the mss file  D:/Proiect_3/Block_Design/Block_Design_wrapper/microblaze_0/standalone_microblaze_0/bsp/system.mss
TRACE::2023-08-25.02:33:00::SCWMssOS::Opened the sw design from mss  D:/Proiect_3/Block_Design/Block_Design_wrapper/microblaze_0/standalone_microblaze_0/bsp/system.mss
TRACE::2023-08-25.02:33:00::SCWMssOS::Adding the swdes entry D:/Proiect_3/Block_Design/Block_Design_wrapper/microblaze_0/standalone_microblaze_0/bsp/system.mss with des name system
TRACE::2023-08-25.02:33:00::SCWMssOS::updating the scw layer about changes
TRACE::2023-08-25.02:33:00::SCWMssOS::Opened the sw design.  D:/Proiect_3/Block_Design/Block_Design_wrapper/microblaze_0/standalone_microblaze_0/bsp/system.mss
TRACE::2023-08-25.02:33:00::SCWMssOS::Saving the mss changes D:/Proiect_3/Block_Design/Block_Design_wrapper/microblaze_0/standalone_microblaze_0/bsp/system.mss
TRACE::2023-08-25.02:33:00::SCWMssOS::Found a swdesign opened with the mssfile.
TRACE::2023-08-25.02:33:00::SCWMssOS::Completed writemss as part of save.
TRACE::2023-08-25.02:33:00::SCWMssOS::Commit changes completed.
TRACE::2023-08-25.02:33:00::SCWReader::Adding prebuilt librarypaths as   
TRACE::2023-08-25.02:33:00::SCWReader::Adding prebuilt incpaths  as   
TRACE::2023-08-25.02:33:00::SCWPlatform::Trying to open the hw design at D:/Proiect_3/Block_Design/Block_Design_wrapper/hw/Block_Design_wrapper.xsa
TRACE::2023-08-25.02:33:00::SCWPlatform::DSA given D:/Proiect_3/Block_Design/Block_Design_wrapper/hw/Block_Design_wrapper.xsa
TRACE::2023-08-25.02:33:00::SCWPlatform::DSA absoulate path D:/Proiect_3/Block_Design/Block_Design_wrapper/hw/Block_Design_wrapper.xsa
TRACE::2023-08-25.02:33:00::SCWPlatform::DSA directory D:/Proiect_3/Block_Design/Block_Design_wrapper/hw
TRACE::2023-08-25.02:33:00::SCWPlatform:: Platform Path D:/Proiect_3/Block_Design/Block_Design_wrapper/hw/Block_Design_wrapper.xsa
TRACE::2023-08-25.02:33:00::SCWPlatform:: Unique name xilinx:pynq-z2::0.0
TRACE::2023-08-25.02:33:00::SCWPlatform::Trying to set the existing hwdb with name Block_Design_wrapper_3
TRACE::2023-08-25.02:33:00::SCWPlatform::Opened existing hwdb Block_Design_wrapper_3
TRACE::2023-08-25.02:33:00::SCWPlatform::Found the Hw Db part of the input DSA
TRACE::2023-08-25.02:33:00::SCWMssOS::Checking the sw design at  D:/Proiect_3/Block_Design/Block_Design_wrapper/microblaze_0/standalone_microblaze_0/bsp/system.mss
TRACE::2023-08-25.02:33:00::SCWMssOS::DEBUG:  swdes dump  D:/Proiect_3/Block_Design/Block_Design_wrapper/microblaze_0/standalone_microblaze_0/bsp/system.mss|system||

TRACE::2023-08-25.02:33:00::SCWMssOS::Sw design exists and opened at  D:/Proiect_3/Block_Design/Block_Design_wrapper/microblaze_0/standalone_microblaze_0/bsp/system.mss
TRACE::2023-08-25.02:33:00::SCWReader::No isolation master present  
TRACE::2023-08-25.02:33:07::SCWPlatform::DSA given D:/Proiect_3/Block_Design/Block_Design_wrapper/tempdsa/Block_Design_wrapper.xsa
TRACE::2023-08-25.02:33:07::SCWPlatform::DSA absoulate path D:/Proiect_3/Block_Design/Block_Design_wrapper/tempdsa/Block_Design_wrapper.xsa
TRACE::2023-08-25.02:33:07::SCWPlatform:: Platform location is D:/Proiect_3/Block_Design/Block_Design_wrapper/tempdsa
TRACE::2023-08-25.02:33:07::SCWPlatform:: Platform Path D:/Proiect_3/Block_Design/Block_Design_wrapper/tempdsa/Block_Design_wrapper.xsa
TRACE::2023-08-25.02:33:07::SCWPlatform:: Unique name xilinx:pynq-z2::0.0
TRACE::2023-08-25.02:33:07::SCWPlatform::Found the Hw Db part of the input DSA
TRACE::2023-08-25.02:33:07::SCWMssOS::Doing hw sync for the mss in domain: standalone_microblaze_0
TRACE::2023-08-25.02:33:07::SCWPlatform::Trying to open the hw design at D:/Proiect_3/Block_Design/Block_Design_wrapper/hw/Block_Design_wrapper.xsa
TRACE::2023-08-25.02:33:07::SCWPlatform::DSA given D:/Proiect_3/Block_Design/Block_Design_wrapper/hw/Block_Design_wrapper.xsa
TRACE::2023-08-25.02:33:07::SCWPlatform::DSA absoulate path D:/Proiect_3/Block_Design/Block_Design_wrapper/hw/Block_Design_wrapper.xsa
TRACE::2023-08-25.02:33:07::SCWPlatform::DSA directory D:/Proiect_3/Block_Design/Block_Design_wrapper/hw
TRACE::2023-08-25.02:33:07::SCWPlatform:: Platform Path D:/Proiect_3/Block_Design/Block_Design_wrapper/hw/Block_Design_wrapper.xsa
TRACE::2023-08-25.02:33:07::SCWPlatform:: Unique name xilinx:pynq-z2::0.0
TRACE::2023-08-25.02:33:07::SCWPlatform::Trying to set the existing hwdb with name Block_Design_wrapper_3
TRACE::2023-08-25.02:33:07::SCWPlatform::Opened existing hwdb Block_Design_wrapper_3
TRACE::2023-08-25.02:33:07::SCWPlatform::Found the Hw Db part of the input DSA
TRACE::2023-08-25.02:33:07::SCWPlatform::Trying to open the hw design at D:/Proiect_3/Block_Design/Block_Design_wrapper/hw/Block_Design_wrapper.xsa
TRACE::2023-08-25.02:33:07::SCWPlatform::DSA given D:/Proiect_3/Block_Design/Block_Design_wrapper/hw/Block_Design_wrapper.xsa
TRACE::2023-08-25.02:33:07::SCWPlatform::DSA absoulate path D:/Proiect_3/Block_Design/Block_Design_wrapper/hw/Block_Design_wrapper.xsa
TRACE::2023-08-25.02:33:07::SCWPlatform::DSA directory D:/Proiect_3/Block_Design/Block_Design_wrapper/hw
TRACE::2023-08-25.02:33:07::SCWPlatform:: Platform Path D:/Proiect_3/Block_Design/Block_Design_wrapper/hw/Block_Design_wrapper.xsa
TRACE::2023-08-25.02:33:07::SCWPlatform:: Unique name xilinx:pynq-z2::0.0
TRACE::2023-08-25.02:33:07::SCWPlatform::Trying to set the existing hwdb with name Block_Design_wrapper_3
TRACE::2023-08-25.02:33:07::SCWPlatform::Opened existing hwdb Block_Design_wrapper_3
TRACE::2023-08-25.02:33:07::SCWPlatform::Found the Hw Db part of the input DSA
TRACE::2023-08-25.02:33:07::SCWMssOS::Checking the sw design at  D:/Proiect_3/Block_Design/Block_Design_wrapper/microblaze_0/standalone_microblaze_0/bsp/system.mss
TRACE::2023-08-25.02:33:07::SCWMssOS::DEBUG:  swdes dump  D:/Proiect_3/Block_Design/Block_Design_wrapper/microblaze_0/standalone_microblaze_0/bsp/system.mss|system||

TRACE::2023-08-25.02:33:07::SCWMssOS::Sw design exists and opened at  D:/Proiect_3/Block_Design/Block_Design_wrapper/microblaze_0/standalone_microblaze_0/bsp/system.mss
TRACE::2023-08-25.02:33:07::SCWPlatform::Trying to open the hw design at D:/Proiect_3/Block_Design/Block_Design_wrapper/tempdsa/Block_Design_wrapper.xsa
TRACE::2023-08-25.02:33:07::SCWPlatform::DSA given D:/Proiect_3/Block_Design/Block_Design_wrapper/tempdsa/Block_Design_wrapper.xsa
TRACE::2023-08-25.02:33:07::SCWPlatform::DSA absoulate path D:/Proiect_3/Block_Design/Block_Design_wrapper/tempdsa/Block_Design_wrapper.xsa
TRACE::2023-08-25.02:33:07::SCWPlatform::DSA directory D:/Proiect_3/Block_Design/Block_Design_wrapper/tempdsa
TRACE::2023-08-25.02:33:07::SCWPlatform:: Platform Path D:/Proiect_3/Block_Design/Block_Design_wrapper/tempdsa/Block_Design_wrapper.xsa
TRACE::2023-08-25.02:33:07::SCWPlatform:: Unique name xilinx:pynq-z2::0.0
TRACE::2023-08-25.02:33:07::SCWPlatform::update - Opened existing hwdb Block_Design_wrapper_4
TRACE::2023-08-25.02:33:07::SCWPlatform::Found the Hw Db part of the input DSA
TRACE::2023-08-25.02:33:07::SCWMssOS::Saving the mss changes D:/Proiect_3/Block_Design/Block_Design_wrapper/microblaze_0/standalone_microblaze_0/bsp/system.mss
TRACE::2023-08-25.02:33:07::SCWMssOS::Found a swdesign opened with the mssfile.
TRACE::2023-08-25.02:33:07::SCWMssOS::Completed writemss as part of save.
TRACE::2023-08-25.02:33:07::SCWMssOS::Commit changes completed.
TRACE::2023-08-25.02:33:07::SCWMssOS::Completed hw sync for the mss in domain: standalone_microblaze_0
TRACE::2023-08-25.02:33:07::SCWMssOS::Removing the swdes entry for  D:/Proiect_3/Block_Design/Block_Design_wrapper/microblaze_0/standalone_microblaze_0/bsp/system.mss
TRACE::2023-08-25.02:33:07::SCWPlatform::Trying to open the hw design at D:/Proiect_3/Block_Design/Block_Design_wrapper/hw/Block_Design_wrapper.xsa
TRACE::2023-08-25.02:33:07::SCWPlatform::DSA given D:/Proiect_3/Block_Design/Block_Design_wrapper/hw/Block_Design_wrapper.xsa
TRACE::2023-08-25.02:33:07::SCWPlatform::DSA absoulate path D:/Proiect_3/Block_Design/Block_Design_wrapper/hw/Block_Design_wrapper.xsa
TRACE::2023-08-25.02:33:07::SCWPlatform::DSA directory D:/Proiect_3/Block_Design/Block_Design_wrapper/hw
TRACE::2023-08-25.02:33:07::SCWPlatform:: Platform Path D:/Proiect_3/Block_Design/Block_Design_wrapper/hw/Block_Design_wrapper.xsa
TRACE::2023-08-25.02:33:07::SCWPlatform:: Unique name xilinx:pynq-z2::0.0
TRACE::2023-08-25.02:33:07::SCWPlatform::Do not have an existing db opened. 
TRACE::2023-08-25.02:33:07::SCWPlatform::Opened new HwDB with name Block_Design_wrapper_5
TRACE::2023-08-25.02:33:07::SCWMssOS::Saving the mss changes D:/Proiect_3/Block_Design/Block_Design_wrapper/microblaze_0/standalone_microblaze_0/bsp/system.mss
TRACE::2023-08-25.02:33:07::SCWMssOS::Adding the swdes entry, mss present, able to open swdb D:/Proiect_3/Block_Design/Block_Design_wrapper/microblaze_0/standalone_microblaze_0/bsp/system.mss with des name system
TRACE::2023-08-25.02:33:07::SCWMssOS::Writing the mss file completed D:/Proiect_3/Block_Design/Block_Design_wrapper/microblaze_0/standalone_microblaze_0/bsp/system.mss
TRACE::2023-08-25.02:33:07::SCWMssOS::Commit changes completed.
TRACE::2023-08-25.02:33:07::SCWPlatform::Trying to open the hw design at D:/Proiect_3/Block_Design/Block_Design_wrapper/hw/Block_Design_wrapper.xsa
TRACE::2023-08-25.02:33:07::SCWPlatform::DSA given D:/Proiect_3/Block_Design/Block_Design_wrapper/hw/Block_Design_wrapper.xsa
TRACE::2023-08-25.02:33:07::SCWPlatform::DSA absoulate path D:/Proiect_3/Block_Design/Block_Design_wrapper/hw/Block_Design_wrapper.xsa
TRACE::2023-08-25.02:33:07::SCWPlatform::DSA directory D:/Proiect_3/Block_Design/Block_Design_wrapper/hw
TRACE::2023-08-25.02:33:07::SCWPlatform:: Platform Path D:/Proiect_3/Block_Design/Block_Design_wrapper/hw/Block_Design_wrapper.xsa
TRACE::2023-08-25.02:33:07::SCWPlatform:: Unique name xilinx:pynq-z2::0.0
TRACE::2023-08-25.02:33:07::SCWPlatform::Trying to set the existing hwdb with name Block_Design_wrapper_5
TRACE::2023-08-25.02:33:07::SCWPlatform::Opened existing hwdb Block_Design_wrapper_5
TRACE::2023-08-25.02:33:07::SCWPlatform::Found the Hw Db part of the input DSA
TRACE::2023-08-25.02:33:07::SCWMssOS::Checking the sw design at  D:/Proiect_3/Block_Design/Block_Design_wrapper/microblaze_0/standalone_microblaze_0/bsp/system.mss
TRACE::2023-08-25.02:33:07::SCWMssOS::DEBUG:  swdes dump  D:/Proiect_3/Block_Design/Block_Design_wrapper/microblaze_0/standalone_microblaze_0/bsp/system.mss|system||

TRACE::2023-08-25.02:33:07::SCWMssOS::Sw design exists and opened at  D:/Proiect_3/Block_Design/Block_Design_wrapper/microblaze_0/standalone_microblaze_0/bsp/system.mss
TRACE::2023-08-25.02:33:07::SCWWriter::formatted JSON is {
	"platformName":	"Block_Design_wrapper",
	"sprVersion":	"2.0",
	"mode":	"gui",
	"dsaType":	"Fixed",
	"platformDesc":	"Block_Design_wrapper",
	"platHandOff":	"<platformDir>.xsa",
	"platIntHandOff":	"<platformDir>/hw/Block_Design_wrapper.xsa",
	"deviceType":	"FPGA",
	"platIsPrebuiltAutogen":	"false",
	"platIsNoBootBsp":	"false",
	"hasFsblMakeHasChanges":	"false",
	"hasPmufwMakeHasChanges":	"false",
	"platPreBuiltFlag":	false,
	"platformSamplesDir":	"",
	"platActiveSys":	"Block_Design_wrapper",
	"systems":	[{
			"systemName":	"Block_Design_wrapper",
			"systemDesc":	"Block_Design_wrapper",
			"sysIsBootAutoGen":	"true",
			"systemDispName":	"Block_Design_wrapper",
			"sysActiveDom":	"standalone_microblaze_0",
			"sysDefaultDom":	"standalone_microblaze_0",
			"domains":	[{
					"domainName":	"standalone_microblaze_0",
					"domainDispName":	"standalone_microblaze_0",
					"domainDesc":	"standalone_microblaze_0",
					"processors":	"microblaze_0",
					"os":	"standalone",
					"sdxOs":	"standalone",
					"debugEnable":	"False",
					"domRuntimes":	["cpp"],
					"swRepo":	"",
					"mssOsVer":	"8.1",
					"mssFile":	"",
					"md5Digest":	"4762220957e6fbb888f0f060715a13591",
					"compatibleApp":	"",
					"domType":	"mssDomain",
					"arch":	"32-bit",
					"appSettings":	{
						"appCompilerFlags":	"",
						"appLinkerFlags":	""
					},
					"addedLibs":	[],
					"libOptions":	{
						"libsContainingOptions":	[]
					},
					"prebuiltLibs":	{
						"prebuiltIncPath":	[],
						"prebuiltLibPath":	[]
					},
					"isolation":	{
					}
				}]
		}]
}
LOG::2023-08-25.02:51:40::SCWPlatform::Started generating the artifacts platform Block_Design_wrapper
TRACE::2023-08-25.02:51:40::SCWPlatform::Sanity checking of platform is completed
LOG::2023-08-25.02:51:40::SCWPlatform::Started generating the artifacts for system configuration Block_Design_wrapper
LOG::2023-08-25.02:51:40::SCWSystem::Checking the domain standalone_microblaze_0
LOG::2023-08-25.02:51:40::SCWSystem::Not a boot domain 
LOG::2023-08-25.02:51:40::SCWSystem::Started Processing the domain standalone_microblaze_0
TRACE::2023-08-25.02:51:40::SCWDomain::Generating domain artifcats
TRACE::2023-08-25.02:51:40::SCWMssOS::Generating standalone artifcats
TRACE::2023-08-25.02:51:40::SCWMssOS:: Copying the user libraries. 
TRACE::2023-08-25.02:51:40::SCWPlatform::Trying to open the hw design at D:/Proiect_3/Block_Design/Block_Design_wrapper/hw/Block_Design_wrapper.xsa
TRACE::2023-08-25.02:51:40::SCWPlatform::DSA given D:/Proiect_3/Block_Design/Block_Design_wrapper/hw/Block_Design_wrapper.xsa
TRACE::2023-08-25.02:51:40::SCWPlatform::DSA absoulate path D:/Proiect_3/Block_Design/Block_Design_wrapper/hw/Block_Design_wrapper.xsa
TRACE::2023-08-25.02:51:40::SCWPlatform::DSA directory D:/Proiect_3/Block_Design/Block_Design_wrapper/hw
TRACE::2023-08-25.02:51:40::SCWPlatform:: Platform Path D:/Proiect_3/Block_Design/Block_Design_wrapper/hw/Block_Design_wrapper.xsa
TRACE::2023-08-25.02:51:40::SCWPlatform:: Unique name xilinx:pynq-z2::0.0
TRACE::2023-08-25.02:51:40::SCWPlatform::Trying to set the existing hwdb with name Block_Design_wrapper_5
TRACE::2023-08-25.02:51:40::SCWPlatform::Opened existing hwdb Block_Design_wrapper_5
TRACE::2023-08-25.02:51:40::SCWPlatform::Found the Hw Db part of the input DSA
TRACE::2023-08-25.02:51:40::SCWMssOS::Checking the sw design at  D:/Proiect_3/Block_Design/Block_Design_wrapper/microblaze_0/standalone_microblaze_0/bsp/system.mss
TRACE::2023-08-25.02:51:40::SCWMssOS::DEBUG:  swdes dump  D:/Proiect_3/Block_Design/Block_Design_wrapper/microblaze_0/standalone_microblaze_0/bsp/system.mss|system||

TRACE::2023-08-25.02:51:40::SCWMssOS::Sw design exists and opened at  D:/Proiect_3/Block_Design/Block_Design_wrapper/microblaze_0/standalone_microblaze_0/bsp/system.mss
TRACE::2023-08-25.02:51:40::SCWMssOS::Completed writing the mss file at D:/Proiect_3/Block_Design/Block_Design_wrapper/microblaze_0/standalone_microblaze_0/bsp
TRACE::2023-08-25.02:51:40::SCWMssOS::Mss edits present, copying mssfile into export location D:/Proiect_3/Block_Design/Block_Design_wrapper/microblaze_0/standalone_microblaze_0/bsp/system.mss
TRACE::2023-08-25.02:51:40::SCWMssOS::bsp generated is stale removing and regenerating. 
TRACE::2023-08-25.02:51:41::SCWMssOS::doing bsp build ... 
TRACE::2023-08-25.02:51:41::SCWMssOS::System Command Ran  D: & cd  D:/Proiect_3/Block_Design/Block_Design_wrapper/microblaze_0/standalone_microblaze_0/bsp & make 
TRACE::2023-08-25.02:51:41::SCWMssOS::make --no-print-directory seq_libs

TRACE::2023-08-25.02:51:41::SCWMssOS::"Running Make include in microblaze_0/libsrc/bram_v4_8/src"

TRACE::2023-08-25.02:51:41::SCWMssOS::make -C microblaze_0/libsrc/bram_v4_8/src -s include  "SHELL=CMD" "COMPILER=mb-gcc" "ASSEMBLER=mb-as" "ARCHIVER=mb-ar" "COMPILE
TRACE::2023-08-25.02:51:41::SCWMssOS::R_FLAGS=  -O2 -c -mcpu=v11.0 -mlittle-endian -mxl-soft-mul" "EXTRA_COMPILER_FLAGS=-g -ffunction-sections -fdata-sections -Wall 
TRACE::2023-08-25.02:51:41::SCWMssOS::-Wextra -fno-tree-loop-distribute-patterns"

TRACE::2023-08-25.02:51:41::SCWMssOS::"Running Make include in microblaze_0/libsrc/cpu_v2_17/src"

TRACE::2023-08-25.02:51:41::SCWMssOS::make -C microblaze_0/libsrc/cpu_v2_17/src -s include  "SHELL=CMD" "COMPILER=mb-gcc" "ASSEMBLER=mb-as" "ARCHIVER=mb-ar" "COMPILE
TRACE::2023-08-25.02:51:41::SCWMssOS::R_FLAGS=  -O2 -c -mcpu=v11.0 -mlittle-endian -mxl-soft-mul" "EXTRA_COMPILER_FLAGS=-g -ffunction-sections -fdata-sections -Wall 
TRACE::2023-08-25.02:51:41::SCWMssOS::-Wextra -fno-tree-loop-distribute-patterns"

TRACE::2023-08-25.02:51:41::SCWMssOS::"Running Make include in microblaze_0/libsrc/FFT_8_Points_IP_v1_0/src"

TRACE::2023-08-25.02:51:41::SCWMssOS::make -C microblaze_0/libsrc/FFT_8_Points_IP_v1_0/src -s include  "SHELL=CMD" "COMPILER=mb-gcc" "ASSEMBLER=mb-as" "ARCHIVER=mb-a
TRACE::2023-08-25.02:51:41::SCWMssOS::r" "COMPILER_FLAGS=  -O2 -c -mcpu=v11.0 -mlittle-endian -mxl-soft-mul" "EXTRA_COMPILER_FLAGS=-g -ffunction-sections -fdata-sect
TRACE::2023-08-25.02:51:41::SCWMssOS::ions -Wall -Wextra -fno-tree-loop-distribute-patterns"

TRACE::2023-08-25.02:51:41::SCWMssOS::"Running Make include in microblaze_0/libsrc/standalone_v8_1/src"

TRACE::2023-08-25.02:51:41::SCWMssOS::make -C microblaze_0/libsrc/standalone_v8_1/src -s include  "SHELL=CMD" "COMPILER=mb-gcc" "ASSEMBLER=mb-as" "ARCHIVER=mb-ar" "C
TRACE::2023-08-25.02:51:41::SCWMssOS::OMPILER_FLAGS=  -O2 -c -mcpu=v11.0 -mlittle-endian -mxl-soft-mul" "EXTRA_COMPILER_FLAGS=-g -ffunction-sections -fdata-sections 
TRACE::2023-08-25.02:51:41::SCWMssOS::-Wall -Wextra -fno-tree-loop-distribute-patterns"

TRACE::2023-08-25.02:51:42::SCWMssOS::"Running Make include in microblaze_0/libsrc/uartlite_v3_8/src"

TRACE::2023-08-25.02:51:42::SCWMssOS::make -C microblaze_0/libsrc/uartlite_v3_8/src -s include  "SHELL=CMD" "COMPILER=mb-gcc" "ASSEMBLER=mb-as" "ARCHIVER=mb-ar" "COM
TRACE::2023-08-25.02:51:42::SCWMssOS::PILER_FLAGS=  -O2 -c -mcpu=v11.0 -mlittle-endian -mxl-soft-mul" "EXTRA_COMPILER_FLAGS=-g -ffunction-sections -fdata-sections -W
TRACE::2023-08-25.02:51:42::SCWMssOS::all -Wextra -fno-tree-loop-distribute-patterns"

TRACE::2023-08-25.02:51:42::SCWMssOS::"Running Make libs in microblaze_0/libsrc/FFT_8_Points_IP_v1_0/src"

TRACE::2023-08-25.02:51:42::SCWMssOS::make -C microblaze_0/libsrc/FFT_8_Points_IP_v1_0/src -s libs  "SHELL=CMD" "COMPILER=mb-gcc" "ASSEMBLER=mb-as" "ARCHIVER=mb-ar" 
TRACE::2023-08-25.02:51:42::SCWMssOS::"COMPILER_FLAGS=  -O2 -c -mcpu=v11.0 -mlittle-endian -mxl-soft-mul" "EXTRA_COMPILER_FLAGS=-g -ffunction-sections -fdata-section
TRACE::2023-08-25.02:51:42::SCWMssOS::s -Wall -Wextra -fno-tree-loop-distribute-patterns"

TRACE::2023-08-25.02:51:43::SCWMssOS::"Compiling FFT_8_Points_IP..."

TRACE::2023-08-25.02:51:43::SCWMssOS::'Finished building libraries sequentially.'

TRACE::2023-08-25.02:51:43::SCWMssOS::make -j 10 --no-print-directory par_libs

TRACE::2023-08-25.02:51:43::SCWMssOS::"Running Make include in microblaze_0/libsrc/bram_v4_8/src"

TRACE::2023-08-25.02:51:43::SCWMssOS::make -C microblaze_0/libsrc/bram_v4_8/src -s include  "SHELL=CMD" "COMPILER=mb-gcc" "ASSEMBLER=mb-as" "ARCHIVER=mb-ar" "COMPILE
TRACE::2023-08-25.02:51:43::SCWMssOS::R_FLAGS=  -O2 -c -mcpu=v11.0 -mlittle-endian -mxl-soft-mul" "EXTRA_COMPILER_FLAGS=-g -ffunction-sections -fdata-sections -Wall 
TRACE::2023-08-25.02:51:43::SCWMssOS::-Wextra -fno-tree-loop-distribute-patterns"

TRACE::2023-08-25.02:51:43::SCWMssOS::"Running Make include in microblaze_0/libsrc/cpu_v2_17/src"

TRACE::2023-08-25.02:51:43::SCWMssOS::make -C microblaze_0/libsrc/cpu_v2_17/src -s include  "SHELL=CMD" "COMPILER=mb-gcc" "ASSEMBLER=mb-as" "ARCHIVER=mb-ar" "COMPILE
TRACE::2023-08-25.02:51:43::SCWMssOS::R_FLAGS=  -O2 -c -mcpu=v11.0 -mlittle-endian -mxl-soft-mul" "EXTRA_COMPILER_FLAGS=-g -ffunction-sections -fdata-sections -Wall 
TRACE::2023-08-25.02:51:43::SCWMssOS::-Wextra -fno-tree-loop-distribute-patterns"

TRACE::2023-08-25.02:51:43::SCWMssOS::"Running Make include in microblaze_0/libsrc/FFT_8_Points_IP_v1_0/src"

TRACE::2023-08-25.02:51:43::SCWMssOS::make -C microblaze_0/libsrc/FFT_8_Points_IP_v1_0/src -s include  "SHELL=CMD" "COMPILER=mb-gcc" "ASSEMBLER=mb-as" "ARCHIVER=mb-a
TRACE::2023-08-25.02:51:43::SCWMssOS::r" "COMPILER_FLAGS=  -O2 -c -mcpu=v11.0 -mlittle-endian -mxl-soft-mul" "EXTRA_COMPILER_FLAGS=-g -ffunction-sections -fdata-sect
TRACE::2023-08-25.02:51:43::SCWMssOS::ions -Wall -Wextra -fno-tree-loop-distribute-patterns"

TRACE::2023-08-25.02:51:43::SCWMssOS::"Running Make include in microblaze_0/libsrc/standalone_v8_1/src"

TRACE::2023-08-25.02:51:43::SCWMssOS::make -C microblaze_0/libsrc/standalone_v8_1/src -s include  "SHELL=CMD" "COMPILER=mb-gcc" "ASSEMBLER=mb-as" "ARCHIVER=mb-ar" "C
TRACE::2023-08-25.02:51:43::SCWMssOS::OMPILER_FLAGS=  -O2 -c -mcpu=v11.0 -mlittle-endian -mxl-soft-mul" "EXTRA_COMPILER_FLAGS=-g -ffunction-sections -fdata-sections 
TRACE::2023-08-25.02:51:43::SCWMssOS::-Wall -Wextra -fno-tree-loop-distribute-patterns"

TRACE::2023-08-25.02:51:43::SCWMssOS::"Running Make include in microblaze_0/libsrc/uartlite_v3_8/src"

TRACE::2023-08-25.02:51:43::SCWMssOS::make -C microblaze_0/libsrc/uartlite_v3_8/src -s include  "SHELL=CMD" "COMPILER=mb-gcc" "ASSEMBLER=mb-as" "ARCHIVER=mb-ar" "COM
TRACE::2023-08-25.02:51:43::SCWMssOS::PILER_FLAGS=  -O2 -c -mcpu=v11.0 -mlittle-endian -mxl-soft-mul" "EXTRA_COMPILER_FLAGS=-g -ffunction-sections -fdata-sections -W
TRACE::2023-08-25.02:51:43::SCWMssOS::all -Wextra -fno-tree-loop-distribute-patterns"

TRACE::2023-08-25.02:51:43::SCWMssOS::"Running Make libs in microblaze_0/libsrc/bram_v4_8/src"

TRACE::2023-08-25.02:51:43::SCWMssOS::make -C microblaze_0/libsrc/bram_v4_8/src -s libs  "SHELL=CMD" "COMPILER=mb-gcc" "ASSEMBLER=mb-as" "ARCHIVER=mb-ar" "COMPILER_F
TRACE::2023-08-25.02:51:43::SCWMssOS::LAGS=  -O2 -c -mcpu=v11.0 -mlittle-endian -mxl-soft-mul" "EXTRA_COMPILER_FLAGS=-g -ffunction-sections -fdata-sections -Wall -We
TRACE::2023-08-25.02:51:43::SCWMssOS::xtra -fno-tree-loop-distribute-patterns"

TRACE::2023-08-25.02:51:43::SCWMssOS::"Running Make libs in microblaze_0/libsrc/cpu_v2_17/src"

TRACE::2023-08-25.02:51:43::SCWMssOS::make -C microblaze_0/libsrc/cpu_v2_17/src -s libs  "SHELL=CMD" "COMPILER=mb-gcc" "ASSEMBLER=mb-as" "ARCHIVER=mb-ar" "COMPILER_F
TRACE::2023-08-25.02:51:43::SCWMssOS::LAGS=  -O2 -c -mcpu=v11.0 -mlittle-endian -mxl-soft-mul" "EXTRA_COMPILER_FLAGS=-g -ffunction-sections -fdata-sections -Wall -We
TRACE::2023-08-25.02:51:43::SCWMssOS::xtra -fno-tree-loop-distribute-patterns"

TRACE::2023-08-25.02:51:43::SCWMssOS::"Running Make libs in microblaze_0/libsrc/standalone_v8_1/src"

TRACE::2023-08-25.02:51:43::SCWMssOS::make -C microblaze_0/libsrc/standalone_v8_1/src -s libs  "SHELL=CMD" "COMPILER=mb-gcc" "ASSEMBLER=mb-as" "ARCHIVER=mb-ar" "COMP
TRACE::2023-08-25.02:51:43::SCWMssOS::ILER_FLAGS=  -O2 -c -mcpu=v11.0 -mlittle-endian -mxl-soft-mul" "EXTRA_COMPILER_FLAGS=-g -ffunction-sections -fdata-sections -Wa
TRACE::2023-08-25.02:51:43::SCWMssOS::ll -Wextra -fno-tree-loop-distribute-patterns"

TRACE::2023-08-25.02:51:44::SCWMssOS::"Running Make libs in microblaze_0/libsrc/uartlite_v3_8/src"

TRACE::2023-08-25.02:51:44::SCWMssOS::make -C microblaze_0/libsrc/uartlite_v3_8/src -s libs  "SHELL=CMD" "COMPILER=mb-gcc" "ASSEMBLER=mb-as" "ARCHIVER=mb-ar" "COMPIL
TRACE::2023-08-25.02:51:44::SCWMssOS::ER_FLAGS=  -O2 -c -mcpu=v11.0 -mlittle-endian -mxl-soft-mul" "EXTRA_COMPILER_FLAGS=-g -ffunction-sections -fdata-sections -Wall
TRACE::2023-08-25.02:51:44::SCWMssOS:: -Wextra -fno-tree-loop-distribute-patterns"

TRACE::2023-08-25.02:51:45::SCWMssOS::"DEBUG NON_LTO_OBJECTS is ../../../lib/microblaze_interrupt_handler.o"

TRACE::2023-08-25.02:51:45::SCWMssOS::'Finished building libraries parallelly.'

TRACE::2023-08-25.02:51:45::SCWMssOS::make --no-print-directory archive

TRACE::2023-08-25.02:51:46::SCWMssOS::mb-ar -r  microblaze_0/lib/libxil.a microblaze_0/lib/_exit.o microblaze_0/lib/errno.o microblaze_0/lib/fcntl.o microblaze_0/lib
TRACE::2023-08-25.02:51:46::SCWMssOS::/hw_exception_handler.o microblaze_0/lib/inbyte.o microblaze_0/lib/microblaze_disable_dcache.o microblaze_0/lib/microblaze_disa
TRACE::2023-08-25.02:51:46::SCWMssOS::ble_exceptions.o microblaze_0/lib/microblaze_disable_icache.o microblaze_0/lib/microblaze_disable_interrupts.o microblaze_0/lib
TRACE::2023-08-25.02:51:46::SCWMssOS::/microblaze_enable_dcache.o microblaze_0/lib/microblaze_enable_exceptions.o microblaze_0/lib/microblaze_enable_icache.o microbl
TRACE::2023-08-25.02:51:46::SCWMssOS::aze_0/lib/microblaze_enable_interrupts.o microblaze_0/lib/microblaze_exception_handler.o microblaze_0/lib/microblaze_flush_cach
TRACE::2023-08-25.02:51:46::SCWMssOS::e_ext.o microblaze_0/lib/microblaze_flush_cache_ext_range.o microblaze_0/lib/microblaze_flush_dcache.o microblaze_0/lib/microbl
TRACE::2023-08-25.02:51:46::SCWMssOS::aze_flush_dcache_range.o microblaze_0/lib/microblaze_init_dcache_range.o microblaze_0/lib/microblaze_init_icache_range.o microb
TRACE::2023-08-25.02:51:46::SCWMssOS::laze_0/lib/microblaze_interrupt_handler.o microblaze_0/lib/microblaze_interrupts_g.o microblaze_0/lib/microblaze_invalidate_cac
TRACE::2023-08-25.02:51:46::SCWMssOS::he_ext.o microblaze_0/lib/microblaze_invalidate_cache_ext_range.o microblaze_0/lib/microblaze_invalidate_dcache.o microblaze_0/
TRACE::2023-08-25.02:51:46::SCWMssOS::lib/microblaze_invalidate_dcache_range.o microblaze_0/lib/microblaze_invalidate_icache.o microblaze_0/lib/microblaze_invalidate
TRACE::2023-08-25.02:51:46::SCWMssOS::_icache_range.o microblaze_0/lib/microblaze_scrub.o microblaze_0/lib/microblaze_selftest.o microblaze_0/lib/microblaze_sleep.o 
TRACE::2023-08-25.02:51:46::SCWMssOS::microblaze_0/lib/microblaze_update_dcache.o microblaze_0/lib/microblaze_update_icache.o microblaze_0/lib/outbyte.o microblaze_0
TRACE::2023-08-25.02:51:46::SCWMssOS::/lib/print.o microblaze_0/lib/pvr.o microblaze_0/lib/xbram.o microblaze_0/lib/xbram_g.o microblaze_0/lib/xbram_intr.o microblaz
TRACE::2023-08-25.02:51:46::SCWMssOS::e_0/lib/xbram_selftest.o microblaze_0/lib/xbram_sinit.o microblaze_0/lib/xil_assert.o microblaze_0/lib/xil_cache.o microblaze_0
TRACE::2023-08-25.02:51:46::SCWMssOS::/lib/xil_clocking.o microblaze_0/lib/xil_exception.o microblaze_0/lib/xil_mem.o microblaze_0/lib/xil_misc_psreset_api.o microbl
TRACE::2023-08-25.02:51:46::SCWMssOS::aze_0/lib/xil_printf.o microblaze_0/lib/xil_sleepcommon.o microblaze_0/lib/xil_testcache.o microblaze_0/lib/xil_testio.o microb
TRACE::2023-08-25.02:51:46::SCWMssOS::laze_0/lib/xil_testmem.o microblaze_0/lib/xil_util.o microblaze_0/lib/xinterrupt_wrap.o microblaze_0/lib/xio.o microblaze_0/lib
TRACE::2023-08-25.02:51:46::SCWMssOS::/xplatform_info.o microblaze_0/lib/xuartlite.o microblaze_0/lib/xuartlite_g.o microblaze_0/lib/xuartlite_intr.o microblaze_0/li
TRACE::2023-08-25.02:51:46::SCWMssOS::b/xuartlite_l.o microblaze_0/lib/xuartlite_selftest.o microblaze_0/lib/xuartlite_sinit.o microblaze_0/lib/xuartlite_stats.o

TRACE::2023-08-25.02:51:46::SCWMssOS::'Finished building libraries'

TRACE::2023-08-25.02:51:46::SCWMssOS:: Checking if to create the Supporting Applications
TRACE::2023-08-25.02:51:46::SCWMssOS:: No Linux domain exists, trying to generate FSBL 
LOG::2023-08-25.02:51:46::SCWSystem::Completed Processing the domain standalone_microblaze_0
LOG::2023-08-25.02:51:46::SCWSystem::Completed Processing the sysconfig Block_Design_wrapper
LOG::2023-08-25.02:51:46::SCWPlatform::Completed generating the artifacts for system configuration Block_Design_wrapper
TRACE::2023-08-25.02:51:46::SCWPlatform::Started preparing the platform 
TRACE::2023-08-25.02:51:46::SCWSystem::Writing the bif file for system config Block_Design_wrapper
TRACE::2023-08-25.02:51:46::SCWSystem::dir created 
TRACE::2023-08-25.02:51:46::SCWSystem::Writing the bif 
TRACE::2023-08-25.02:51:46::SCWPlatform::Started writing the spfm file 
TRACE::2023-08-25.02:51:46::SCWPlatform::Started writing the xpfm file 
TRACE::2023-08-25.02:51:46::SCWPlatform::Completed generating the platform
TRACE::2023-08-25.02:51:46::SCWMssOS::Saving the mss changes D:/Proiect_3/Block_Design/Block_Design_wrapper/microblaze_0/standalone_microblaze_0/bsp/system.mss
TRACE::2023-08-25.02:51:46::SCWMssOS::Adding the swdes entry, mss present, able to open swdb D:/Proiect_3/Block_Design/Block_Design_wrapper/microblaze_0/standalone_microblaze_0/bsp/system.mss with des name system
TRACE::2023-08-25.02:51:46::SCWMssOS::Writing the mss file completed D:/Proiect_3/Block_Design/Block_Design_wrapper/microblaze_0/standalone_microblaze_0/bsp/system.mss
TRACE::2023-08-25.02:51:46::SCWMssOS::Commit changes completed.
TRACE::2023-08-25.02:51:46::SCWPlatform::Trying to open the hw design at D:/Proiect_3/Block_Design/Block_Design_wrapper/hw/Block_Design_wrapper.xsa
TRACE::2023-08-25.02:51:46::SCWPlatform::DSA given D:/Proiect_3/Block_Design/Block_Design_wrapper/hw/Block_Design_wrapper.xsa
TRACE::2023-08-25.02:51:46::SCWPlatform::DSA absoulate path D:/Proiect_3/Block_Design/Block_Design_wrapper/hw/Block_Design_wrapper.xsa
TRACE::2023-08-25.02:51:46::SCWPlatform::DSA directory D:/Proiect_3/Block_Design/Block_Design_wrapper/hw
TRACE::2023-08-25.02:51:46::SCWPlatform:: Platform Path D:/Proiect_3/Block_Design/Block_Design_wrapper/hw/Block_Design_wrapper.xsa
TRACE::2023-08-25.02:51:46::SCWPlatform:: Unique name xilinx:pynq-z2::0.0
TRACE::2023-08-25.02:51:46::SCWPlatform::Trying to set the existing hwdb with name Block_Design_wrapper_5
TRACE::2023-08-25.02:51:46::SCWPlatform::Opened existing hwdb Block_Design_wrapper_5
TRACE::2023-08-25.02:51:46::SCWPlatform::Found the Hw Db part of the input DSA
TRACE::2023-08-25.02:51:46::SCWMssOS::Checking the sw design at  D:/Proiect_3/Block_Design/Block_Design_wrapper/microblaze_0/standalone_microblaze_0/bsp/system.mss
TRACE::2023-08-25.02:51:46::SCWMssOS::DEBUG:  swdes dump  D:/Proiect_3/Block_Design/Block_Design_wrapper/microblaze_0/standalone_microblaze_0/bsp/system.mss|system||

TRACE::2023-08-25.02:51:46::SCWMssOS::Sw design exists and opened at  D:/Proiect_3/Block_Design/Block_Design_wrapper/microblaze_0/standalone_microblaze_0/bsp/system.mss
TRACE::2023-08-25.02:51:46::SCWWriter::formatted JSON is {
	"platformName":	"Block_Design_wrapper",
	"sprVersion":	"2.0",
	"mode":	"gui",
	"dsaType":	"Fixed",
	"platformDesc":	"Block_Design_wrapper",
	"platHandOff":	"<platformDir>.xsa",
	"platIntHandOff":	"<platformDir>/hw/Block_Design_wrapper.xsa",
	"deviceType":	"FPGA",
	"platIsPrebuiltAutogen":	"false",
	"platIsNoBootBsp":	"false",
	"hasFsblMakeHasChanges":	"false",
	"hasPmufwMakeHasChanges":	"false",
	"platPreBuiltFlag":	false,
	"platformSamplesDir":	"",
	"platActiveSys":	"Block_Design_wrapper",
	"systems":	[{
			"systemName":	"Block_Design_wrapper",
			"systemDesc":	"Block_Design_wrapper",
			"sysIsBootAutoGen":	"true",
			"systemDispName":	"Block_Design_wrapper",
			"sysActiveDom":	"standalone_microblaze_0",
			"sysDefaultDom":	"standalone_microblaze_0",
			"domains":	[{
					"domainName":	"standalone_microblaze_0",
					"domainDispName":	"standalone_microblaze_0",
					"domainDesc":	"standalone_microblaze_0",
					"processors":	"microblaze_0",
					"os":	"standalone",
					"sdxOs":	"standalone",
					"debugEnable":	"False",
					"domRuntimes":	["cpp"],
					"swRepo":	"",
					"mssOsVer":	"8.1",
					"mssFile":	"",
					"md5Digest":	"4762220957e6fbb888f0f060715a1359",
					"compatibleApp":	"",
					"domType":	"mssDomain",
					"arch":	"32-bit",
					"appSettings":	{
						"appCompilerFlags":	"",
						"appLinkerFlags":	""
					},
					"addedLibs":	[],
					"libOptions":	{
						"libsContainingOptions":	[]
					},
					"prebuiltLibs":	{
						"prebuiltIncPath":	[],
						"prebuiltLibPath":	[]
					},
					"isolation":	{
					}
				}]
		}]
}
KEYINFO::2023-08-25.02:51:46::SCWPlatform::updated the xpfm file.
TRACE::2023-08-25.02:51:46::SCWPlatform::Trying to open the hw design at D:/Proiect_3/Block_Design/Block_Design_wrapper/hw/Block_Design_wrapper.xsa
TRACE::2023-08-25.02:51:46::SCWPlatform::DSA given D:/Proiect_3/Block_Design/Block_Design_wrapper/hw/Block_Design_wrapper.xsa
TRACE::2023-08-25.02:51:46::SCWPlatform::DSA absoulate path D:/Proiect_3/Block_Design/Block_Design_wrapper/hw/Block_Design_wrapper.xsa
TRACE::2023-08-25.02:51:46::SCWPlatform::DSA directory D:/Proiect_3/Block_Design/Block_Design_wrapper/hw
TRACE::2023-08-25.02:51:46::SCWPlatform:: Platform Path D:/Proiect_3/Block_Design/Block_Design_wrapper/hw/Block_Design_wrapper.xsa
TRACE::2023-08-25.02:51:46::SCWPlatform:: Unique name xilinx:pynq-z2::0.0
TRACE::2023-08-25.02:51:46::SCWPlatform::Trying to set the existing hwdb with name Block_Design_wrapper_5
TRACE::2023-08-25.02:51:46::SCWPlatform::Opened existing hwdb Block_Design_wrapper_5
TRACE::2023-08-25.02:51:46::SCWPlatform::Found the Hw Db part of the input DSA
TRACE::2023-08-25.02:51:46::SCWMssOS::Checking the sw design at  D:/Proiect_3/Block_Design/Block_Design_wrapper/microblaze_0/standalone_microblaze_0/bsp/system.mss
TRACE::2023-08-25.02:51:46::SCWMssOS::DEBUG:  swdes dump  D:/Proiect_3/Block_Design/Block_Design_wrapper/microblaze_0/standalone_microblaze_0/bsp/system.mss|system||

TRACE::2023-08-25.02:51:46::SCWMssOS::Sw design exists and opened at  D:/Proiect_3/Block_Design/Block_Design_wrapper/microblaze_0/standalone_microblaze_0/bsp/system.mss
